[debug] [2025-12-21T22:56:35.618Z] ----------------------------------------------------------------------
[debug] [2025-12-21T22:56:35.621Z] Command:       C:\Program Files\nodejs\node.exe C:\Users\Info\AppData\Roaming\npm\node_modules\firebase-tools\lib\bin\firebase.js deploy --only functions
[debug] [2025-12-21T22:56:35.621Z] CLI Version:   15.0.0
[debug] [2025-12-21T22:56:35.622Z] Platform:      win32
[debug] [2025-12-21T22:56:35.622Z] Node Version:  v22.17.0
[debug] [2025-12-21T22:56:35.622Z] Time:          Sun Dec 21 2025 23:56:35 GMT+0100 (Mitteleuropäische Normalzeit)
[debug] [2025-12-21T22:56:35.622Z] ----------------------------------------------------------------------
[debug] 
[debug] [2025-12-21T22:56:37.378Z] > command requires scopes: ["email","openid","https://www.googleapis.com/auth/cloudplatformprojects.readonly","https://www.googleapis.com/auth/firebase","https://www.googleapis.com/auth/cloud-platform"]
[debug] [2025-12-21T22:56:37.379Z] > authorizing via signed-in user (info@seegasthof-stadler.at)
[debug] [2025-12-21T22:56:37.379Z] [iam] checking project stadler-suite for permissions ["cloudfunctions.functions.create","cloudfunctions.functions.delete","cloudfunctions.functions.get","cloudfunctions.functions.list","cloudfunctions.functions.update","cloudfunctions.operations.get","firebase.projects.get"]
[debug] [2025-12-21T22:56:37.380Z] Checked if tokens are valid: true, expires at: 1766361101790
[debug] [2025-12-21T22:56:37.380Z] Checked if tokens are valid: true, expires at: 1766361101790
[debug] [2025-12-21T22:56:37.381Z] >>> [apiv2][query] POST https://cloudresourcemanager.googleapis.com/v1/projects/stadler-suite:testIamPermissions [none]
[debug] [2025-12-21T22:56:37.381Z] >>> [apiv2][(partial)header] POST https://cloudresourcemanager.googleapis.com/v1/projects/stadler-suite:testIamPermissions x-goog-quota-user=projects/stadler-suite
[debug] [2025-12-21T22:56:37.381Z] >>> [apiv2][body] POST https://cloudresourcemanager.googleapis.com/v1/projects/stadler-suite:testIamPermissions {"permissions":["cloudfunctions.functions.create","cloudfunctions.functions.delete","cloudfunctions.functions.get","cloudfunctions.functions.list","cloudfunctions.functions.update","cloudfunctions.operations.get","firebase.projects.get"]}
[debug] [2025-12-21T22:56:38.148Z] <<< [apiv2][status] POST https://cloudresourcemanager.googleapis.com/v1/projects/stadler-suite:testIamPermissions 200
[debug] [2025-12-21T22:56:38.148Z] <<< [apiv2][body] POST https://cloudresourcemanager.googleapis.com/v1/projects/stadler-suite:testIamPermissions {"permissions":["cloudfunctions.functions.create","cloudfunctions.functions.delete","cloudfunctions.functions.get","cloudfunctions.functions.list","cloudfunctions.functions.update","cloudfunctions.operations.get","firebase.projects.get"]}
[debug] [2025-12-21T22:56:38.148Z] Checked if tokens are valid: true, expires at: 1766361101790
[debug] [2025-12-21T22:56:38.148Z] Checked if tokens are valid: true, expires at: 1766361101790
[debug] [2025-12-21T22:56:38.148Z] >>> [apiv2][query] POST https://iam.googleapis.com/v1/projects/stadler-suite/serviceAccounts/stadler-suite@appspot.gserviceaccount.com:testIamPermissions [none]
[debug] [2025-12-21T22:56:38.148Z] >>> [apiv2][body] POST https://iam.googleapis.com/v1/projects/stadler-suite/serviceAccounts/stadler-suite@appspot.gserviceaccount.com:testIamPermissions {"permissions":["iam.serviceAccounts.actAs"]}
[debug] [2025-12-21T22:56:38.871Z] <<< [apiv2][status] POST https://iam.googleapis.com/v1/projects/stadler-suite/serviceAccounts/stadler-suite@appspot.gserviceaccount.com:testIamPermissions 200
[debug] [2025-12-21T22:56:38.871Z] <<< [apiv2][body] POST https://iam.googleapis.com/v1/projects/stadler-suite/serviceAccounts/stadler-suite@appspot.gserviceaccount.com:testIamPermissions {"permissions":["iam.serviceAccounts.actAs"]}
[info] 
[info] === Deploying to 'stadler-suite'...
[info] 
[info] i  deploying functions 
[debug] [2025-12-21T22:56:38.874Z] Checked if tokens are valid: true, expires at: 1766361101790
[debug] [2025-12-21T22:56:38.874Z] Checked if tokens are valid: true, expires at: 1766361101790
[debug] [2025-12-21T22:56:38.874Z] >>> [apiv2][query] GET https://cloudresourcemanager.googleapis.com/v1/projects/stadler-suite [none]
[debug] [2025-12-21T22:56:39.071Z] <<< [apiv2][status] GET https://cloudresourcemanager.googleapis.com/v1/projects/stadler-suite 200
[debug] [2025-12-21T22:56:39.071Z] <<< [apiv2][body] GET https://cloudresourcemanager.googleapis.com/v1/projects/stadler-suite {"projectNumber":"818386536862","projectId":"stadler-suite","lifecycleState":"ACTIVE","name":"stadler-suite","labels":{"firebase":"enabled","firebase-core":"disabled"},"createTime":"2025-12-18T21:08:07.568732Z","parent":{"type":"organization","id":"48544930868"}}
[info] i  functions: preparing codebase default for deployment 
[info] i  functions: ensuring required API cloudfunctions.googleapis.com is enabled... 
[info] i  functions: ensuring required API cloudbuild.googleapis.com is enabled... 
[info] i  artifactregistry: ensuring required API artifactregistry.googleapis.com is enabled... 
[debug] [2025-12-21T22:56:39.074Z] Checked if tokens are valid: true, expires at: 1766361101790
[debug] [2025-12-21T22:56:39.074Z] Checked if tokens are valid: true, expires at: 1766361101790
[debug] [2025-12-21T22:56:39.074Z] >>> [apiv2][query] GET https://firebase.googleapis.com/v1beta1/projects/stadler-suite/adminSdkConfig [none]
[debug] [2025-12-21T22:56:39.490Z] <<< [apiv2][status] GET https://firebase.googleapis.com/v1beta1/projects/stadler-suite/adminSdkConfig 200
[debug] [2025-12-21T22:56:39.490Z] <<< [apiv2][body] GET https://firebase.googleapis.com/v1beta1/projects/stadler-suite/adminSdkConfig {"projectId":"stadler-suite","storageBucket":"stadler-suite.firebasestorage.app"}
[debug] [2025-12-21T22:56:39.490Z] Checked if tokens are valid: true, expires at: 1766361101790
[debug] [2025-12-21T22:56:39.490Z] Checked if tokens are valid: true, expires at: 1766361101790
[debug] [2025-12-21T22:56:39.490Z] >>> [apiv2][query] GET https://runtimeconfig.googleapis.com/v1beta1/projects/stadler-suite/configs [none]
[debug] [2025-12-21T22:56:39.708Z] <<< [apiv2][status] GET https://runtimeconfig.googleapis.com/v1beta1/projects/stadler-suite/configs 200
[debug] [2025-12-21T22:56:39.708Z] <<< [apiv2][body] GET https://runtimeconfig.googleapis.com/v1beta1/projects/stadler-suite/configs {}
[debug] [2025-12-21T22:56:39.709Z] Validating nodejs source
[debug] [2025-12-21T22:56:40.525Z] > [functions] package.json contents: {
  "name": "stadler-suite-functions",
  "version": "1.0.0",
  "description": "Firebase Cloud Functions for Stadler Suite",
  "main": "index.js",
  "scripts": {
    "serve": "firebase emulators:start --only functions",
    "deploy": "firebase deploy --only functions"
  },
  "engines": {
    "node": "20"
  },
  "dependencies": {
    "firebase-admin": "^13.6.0",
    "firebase-functions": "^7.0.2",
    "node-fetch": "^2.7.0"
  }
}
[debug] [2025-12-21T22:56:40.525Z] Building nodejs source
[info] i  functions: Loading and analyzing source code for codebase default to determine what to deploy 
[debug] [2025-12-21T22:56:40.526Z] Could not find functions.yaml. Must use http discovery
[debug] [2025-12-21T22:56:40.536Z] Found firebase-functions binary at 'C:\Users\Info\stadler-suite\functions\node_modules\.bin\firebase-functions'
[info] Serving at port 8350

[debug] [2025-12-21T22:56:41.579Z] Got response from /__/functions.yaml {"endpoints":{"whatsappProxy":{"availableMemoryMb":null,"timeoutSeconds":null,"minInstances":null,"maxInstances":null,"ingressSettings":null,"concurrency":null,"serviceAccountEmail":null,"vpc":null,"platform":"gcfv2","region":["europe-west1"],"labels":{},"httpsTrigger":{"invoker":["public"]},"entryPoint":"whatsappProxy"}},"specVersion":"v1alpha1","requiredAPIs":[],"extensions":{}}
[info] i  extensions: ensuring required API firebaseextensions.googleapis.com is enabled... 
[debug] [2025-12-21T22:56:45.621Z] > command requires scopes: ["email","openid","https://www.googleapis.com/auth/cloudplatformprojects.readonly","https://www.googleapis.com/auth/firebase","https://www.googleapis.com/auth/cloud-platform"]
[debug] [2025-12-21T22:56:45.621Z] > authorizing via signed-in user (info@seegasthof-stadler.at)
[debug] [2025-12-21T22:56:45.621Z] [iam] checking project stadler-suite for permissions ["firebase.projects.get","firebaseextensions.instances.list"]
[debug] [2025-12-21T22:56:45.621Z] Checked if tokens are valid: true, expires at: 1766361101790
[debug] [2025-12-21T22:56:45.621Z] Checked if tokens are valid: true, expires at: 1766361101790
[debug] [2025-12-21T22:56:45.622Z] >>> [apiv2][query] POST https://cloudresourcemanager.googleapis.com/v1/projects/stadler-suite:testIamPermissions [none]
[debug] [2025-12-21T22:56:45.622Z] >>> [apiv2][(partial)header] POST https://cloudresourcemanager.googleapis.com/v1/projects/stadler-suite:testIamPermissions x-goog-quota-user=projects/stadler-suite
[debug] [2025-12-21T22:56:45.622Z] >>> [apiv2][body] POST https://cloudresourcemanager.googleapis.com/v1/projects/stadler-suite:testIamPermissions {"permissions":["firebase.projects.get","firebaseextensions.instances.list"]}
[debug] [2025-12-21T22:56:46.346Z] <<< [apiv2][status] POST https://cloudresourcemanager.googleapis.com/v1/projects/stadler-suite:testIamPermissions 200
[debug] [2025-12-21T22:56:46.347Z] <<< [apiv2][body] POST https://cloudresourcemanager.googleapis.com/v1/projects/stadler-suite:testIamPermissions {"permissions":["firebase.projects.get","firebaseextensions.instances.list"]}
[debug] [2025-12-21T22:56:46.347Z] Checked if tokens are valid: true, expires at: 1766361101790
[debug] [2025-12-21T22:56:46.347Z] Checked if tokens are valid: true, expires at: 1766361101790
[debug] [2025-12-21T22:56:46.347Z] >>> [apiv2][query] GET https://firebaseextensions.googleapis.com/v1beta/projects/stadler-suite/instances pageSize=100&pageToken=
[debug] [2025-12-21T22:56:47.173Z] <<< [apiv2][status] GET https://firebaseextensions.googleapis.com/v1beta/projects/stadler-suite/instances 200
[debug] [2025-12-21T22:56:47.173Z] <<< [apiv2][body] GET https://firebaseextensions.googleapis.com/v1beta/projects/stadler-suite/instances {}
[info] i  functions: preparing functions directory for uploading... 
[info] i  functions: packaged C:\Users\Info\stadler-suite\functions (31.39 KB) for uploading 
[debug] [2025-12-21T22:56:47.207Z] Checked if tokens are valid: true, expires at: 1766361101790
[debug] [2025-12-21T22:56:47.207Z] Checked if tokens are valid: true, expires at: 1766361101790
[debug] [2025-12-21T22:56:47.207Z] >>> [apiv2][query] GET https://cloudfunctions.googleapis.com/v1/projects/stadler-suite/locations/-/functions [none]
[debug] [2025-12-21T22:56:47.903Z] <<< [apiv2][status] GET https://cloudfunctions.googleapis.com/v1/projects/stadler-suite/locations/-/functions 200
[debug] [2025-12-21T22:56:47.903Z] <<< [apiv2][body] GET https://cloudfunctions.googleapis.com/v1/projects/stadler-suite/locations/-/functions {}
[debug] [2025-12-21T22:56:47.903Z] Checked if tokens are valid: true, expires at: 1766361101790
[debug] [2025-12-21T22:56:47.903Z] Checked if tokens are valid: true, expires at: 1766361101790
[debug] [2025-12-21T22:56:47.904Z] >>> [apiv2][query] GET https://cloudfunctions.googleapis.com/v2/projects/stadler-suite/locations/-/functions filter=environment%3D%22GEN_2%22
[debug] [2025-12-21T22:56:48.914Z] <<< [apiv2][status] GET https://cloudfunctions.googleapis.com/v2/projects/stadler-suite/locations/-/functions 200
[debug] [2025-12-21T22:56:48.914Z] <<< [apiv2][body] GET https://cloudfunctions.googleapis.com/v2/projects/stadler-suite/locations/-/functions {"functions":[{"name":"projects/stadler-suite/locations/europe-west1/functions/whatsappProxy","buildConfig":{"build":"projects/818386536862/locations/europe-west1/builds/10ccb791-da41-442f-9974-70830cb717d9","runtime":"nodejs20","entryPoint":"whatsappProxy","source":{"storageSource":{"bucket":"gcf-v2-sources-818386536862-europe-west1","object":"whatsappProxy/function-source.zip","generation":"1766139309151070"}},"environmentVariables":{"GOOGLE_NODE_RUN_SCRIPTS":""},"dockerRepository":"projects/stadler-suite/locations/europe-west1/repositories/gcf-artifacts","sourceProvenance":{"resolvedStorageSource":{"bucket":"gcf-v2-sources-818386536862-europe-west1","object":"whatsappProxy/function-source.zip","generation":"1766139309151070"}},"dockerRegistry":"ARTIFACT_REGISTRY","serviceAccount":"projects/stadler-suite/serviceAccounts/818386536862-compute@developer.gserviceaccount.com","automaticUpdatePolicy":{}},"serviceConfig":{"service":"projects/stadler-suite/locations/europe-west1/services/whatsappproxy","timeoutSeconds":60,"environmentVariables":{"FIREBASE_CONFIG":"{\"projectId\":\"stadler-suite\",\"storageBucket\":\"stadler-suite.firebasestorage.app\"}","GCLOUD_PROJECT":"stadler-suite","EVENTARC_CLOUD_EVENT_SOURCE":"projects/stadler-suite/locations/europe-west1/services/whatsappProxy","FUNCTION_TARGET":"whatsappProxy","LOG_EXECUTION_ID":"true"},"maxInstanceCount":20,"ingressSettings":"ALLOW_ALL","uri":"https://whatsappproxy-u52p2sjk2a-ew.a.run.app","serviceAccountEmail":"818386536862-compute@developer.gserviceaccount.com","availableMemory":"256Mi","allTrafficOnLatestRevision":true,"revision":"whatsappproxy-00004-seh","maxInstanceRequestConcurrency":80,"availableCpu":"1"},"state":"ACTIVE","updateTime":"2025-12-19T10:16:21.048466452Z","labels":{"deployment-tool":"cli-firebase","firebase-functions-hash":"149070b271e6dcf8b0b954af4147e19a2fe22f1f"},"environment":"GEN_2","url":"https://europe-west1-stadler-suite.cloudfunctions.net/whatsappProxy","createTime":"2025-12-19T09:34:57.740870415Z","satisfiesPzi":true}]}
[info] i  functions: ensuring required API run.googleapis.com is enabled... 
[info] i  functions: ensuring required API eventarc.googleapis.com is enabled... 
[info] i  functions: ensuring required API pubsub.googleapis.com is enabled... 
[info] i  functions: ensuring required API storage.googleapis.com is enabled... 
[info] i  functions: generating the service identity for pubsub.googleapis.com... 
[debug] [2025-12-21T22:56:48.918Z] Checked if tokens are valid: true, expires at: 1766361101790
[debug] [2025-12-21T22:56:48.918Z] Checked if tokens are valid: true, expires at: 1766361101790
[info] i  functions: generating the service identity for eventarc.googleapis.com... 
[debug] [2025-12-21T22:56:48.918Z] Checked if tokens are valid: true, expires at: 1766361101790
[debug] [2025-12-21T22:56:48.918Z] Checked if tokens are valid: true, expires at: 1766361101790
[debug] [2025-12-21T22:56:48.919Z] >>> [apiv2][query] POST https://serviceusage.googleapis.com/v1beta1/projects/818386536862/services/pubsub.googleapis.com:generateServiceIdentity [none]
[debug] [2025-12-21T22:56:48.919Z] >>> [apiv2][(partial)header] POST https://serviceusage.googleapis.com/v1beta1/projects/818386536862/services/pubsub.googleapis.com:generateServiceIdentity x-goog-quota-user=projects/818386536862
[debug] [2025-12-21T22:56:48.919Z] >>> [apiv2][body] POST https://serviceusage.googleapis.com/v1beta1/projects/818386536862/services/pubsub.googleapis.com:generateServiceIdentity {}
[debug] [2025-12-21T22:56:48.920Z] >>> [apiv2][query] POST https://serviceusage.googleapis.com/v1beta1/projects/818386536862/services/eventarc.googleapis.com:generateServiceIdentity [none]
[debug] [2025-12-21T22:56:48.920Z] >>> [apiv2][(partial)header] POST https://serviceusage.googleapis.com/v1beta1/projects/818386536862/services/eventarc.googleapis.com:generateServiceIdentity x-goog-quota-user=projects/818386536862
[debug] [2025-12-21T22:56:48.920Z] >>> [apiv2][body] POST https://serviceusage.googleapis.com/v1beta1/projects/818386536862/services/eventarc.googleapis.com:generateServiceIdentity {}
[debug] [2025-12-21T22:56:49.853Z] <<< [apiv2][status] POST https://serviceusage.googleapis.com/v1beta1/projects/818386536862/services/eventarc.googleapis.com:generateServiceIdentity 200
[debug] [2025-12-21T22:56:49.853Z] <<< [apiv2][body] POST https://serviceusage.googleapis.com/v1beta1/projects/818386536862/services/eventarc.googleapis.com:generateServiceIdentity {"name":"operations/finished.DONE_OPERATION","done":true,"response":{"@type":"type.googleapis.com/google.api.serviceusage.v1beta1.ServiceIdentity","email":"service-818386536862@gcp-sa-eventarc.iam.gserviceaccount.com","uniqueId":"110501078759365904261"}}
[debug] [2025-12-21T22:56:49.854Z] <<< [apiv2][status] POST https://serviceusage.googleapis.com/v1beta1/projects/818386536862/services/pubsub.googleapis.com:generateServiceIdentity 200
[debug] [2025-12-21T22:56:49.854Z] <<< [apiv2][body] POST https://serviceusage.googleapis.com/v1beta1/projects/818386536862/services/pubsub.googleapis.com:generateServiceIdentity {"name":"operations/finished.DONE_OPERATION","done":true,"response":{"@type":"type.googleapis.com/google.api.serviceusage.v1beta1.ServiceIdentity","email":"service-818386536862@gcp-sa-pubsub.iam.gserviceaccount.com","uniqueId":"113821839906949171023"}}
[debug] [2025-12-21T22:56:49.855Z] Checked if tokens are valid: true, expires at: 1766361101790
[debug] [2025-12-21T22:56:49.856Z] Checked if tokens are valid: true, expires at: 1766361101790
[debug] [2025-12-21T22:56:49.856Z] >>> [apiv2][query] GET https://cloudresourcemanager.googleapis.com/v1/projects/stadler-suite [none]
[debug] [2025-12-21T22:56:50.052Z] <<< [apiv2][status] GET https://cloudresourcemanager.googleapis.com/v1/projects/stadler-suite 200
[debug] [2025-12-21T22:56:50.052Z] <<< [apiv2][body] GET https://cloudresourcemanager.googleapis.com/v1/projects/stadler-suite {"projectNumber":"818386536862","projectId":"stadler-suite","lifecycleState":"ACTIVE","name":"stadler-suite","labels":{"firebase":"enabled","firebase-core":"disabled"},"createTime":"2025-12-18T21:08:07.568732Z","parent":{"type":"organization","id":"48544930868"}}
[debug] [2025-12-21T22:56:50.053Z] Checked if tokens are valid: true, expires at: 1766361101790
[debug] [2025-12-21T22:56:50.053Z] Checked if tokens are valid: true, expires at: 1766361101790
[debug] [2025-12-21T22:56:50.053Z] >>> [apiv2][query] GET https://compute.googleapis.com/compute/v1/projects/818386536862 [none]
[debug] [2025-12-21T22:56:50.251Z] <<< [apiv2][status] GET https://compute.googleapis.com/compute/v1/projects/818386536862 403
[debug] [2025-12-21T22:56:50.251Z] <<< [apiv2][body] GET https://compute.googleapis.com/compute/v1/projects/818386536862 {"error":{"code":403,"message":"Compute Engine API has not been used in project 818386536862 before or it is disabled. Enable it by visiting https://console.developers.google.com/apis/api/compute.googleapis.com/overview?project=818386536862 then retry. If you enabled this API recently, wait a few minutes for the action to propagate to our systems and retry.","errors":[{"message":"Compute Engine API has not been used in project 818386536862 before or it is disabled. Enable it by visiting https://console.developers.google.com/apis/api/compute.googleapis.com/overview?project=818386536862 then retry. If you enabled this API recently, wait a few minutes for the action to propagate to our systems and retry.","domain":"usageLimits","reason":"accessNotConfigured","extendedHelp":"https://console.developers.google.com"}],"status":"PERMISSION_DENIED","details":[{"@type":"type.googleapis.com/google.rpc.ErrorInfo","reason":"SERVICE_DISABLED","domain":"googleapis.com","metadata":{"activationUrl":"https://console.developers.google.com/apis/api/compute.googleapis.com/overview?project=818386536862","containerInfo":"818386536862","service":"compute.googleapis.com","serviceTitle":"Compute Engine API","consumer":"projects/818386536862"}},{"@type":"type.googleapis.com/google.rpc.LocalizedMessage","locale":"en-US","message":"Compute Engine API has not been used in project 818386536862 before or it is disabled. Enable it by visiting https://console.developers.google.com/apis/api/compute.googleapis.com/overview?project=818386536862 then retry. If you enabled this API recently, wait a few minutes for the action to propagate to our systems and retry."},{"@type":"type.googleapis.com/google.rpc.Help","links":[{"description":"Google developers console API activation","url":"https://console.developers.google.com/apis/api/compute.googleapis.com/overview?project=818386536862"}]}]}}
[debug] [2025-12-21T22:56:50.252Z] unable to look up default compute service account. Falling back to 818386536862-compute@developer.gserviceaccount.com. Error: {"name":"FirebaseError","children":[],"context":{"body":{"error":{"code":403,"message":"Compute Engine API has not been used in project 818386536862 before or it is disabled. Enable it by visiting https://console.developers.google.com/apis/api/compute.googleapis.com/overview?project=818386536862 then retry. If you enabled this API recently, wait a few minutes for the action to propagate to our systems and retry.","errors":[{"message":"Compute Engine API has not been used in project 818386536862 before or it is disabled. Enable it by visiting https://console.developers.google.com/apis/api/compute.googleapis.com/overview?project=818386536862 then retry. If you enabled this API recently, wait a few minutes for the action to propagate to our systems and retry.","domain":"usageLimits","reason":"accessNotConfigured","extendedHelp":"https://console.developers.google.com"}],"status":"PERMISSION_DENIED","details":[{"@type":"type.googleapis.com/google.rpc.ErrorInfo","reason":"SERVICE_DISABLED","domain":"googleapis.com","metadata":{"activationUrl":"https://console.developers.google.com/apis/api/compute.googleapis.com/overview?project=818386536862","containerInfo":"818386536862","service":"compute.googleapis.com","serviceTitle":"Compute Engine API","consumer":"projects/818386536862"}},{"@type":"type.googleapis.com/google.rpc.LocalizedMessage","locale":"en-US","message":"Compute Engine API has not been used in project 818386536862 before or it is disabled. Enable it by visiting https://console.developers.google.com/apis/api/compute.googleapis.com/overview?project=818386536862 then retry. If you enabled this API recently, wait a few minutes for the action to propagate to our systems and retry."},{"@type":"type.googleapis.com/google.rpc.Help","links":[{"description":"Google developers console API activation","url":"https://console.developers.google.com/apis/api/compute.googleapis.com/overview?project=818386536862"}]}]}},"response":{"statusCode":403}},"exit":1,"message":"Request to https://compute.googleapis.com/compute/v1/projects/818386536862 had HTTP Error: 403, Compute Engine API has not been used in project 818386536862 before or it is disabled. Enable it by visiting https://console.developers.google.com/apis/api/compute.googleapis.com/overview?project=818386536862 then retry. If you enabled this API recently, wait a few minutes for the action to propagate to our systems and retry.","status":403}
[debug] [2025-12-21T22:56:50.253Z] Checked if tokens are valid: true, expires at: 1766361101790
[debug] [2025-12-21T22:56:50.253Z] Checked if tokens are valid: true, expires at: 1766361101790
[debug] [2025-12-21T22:56:50.253Z] >>> [apiv2][query] GET https://cloudbilling.googleapis.com/v1/projects/stadler-suite/billingInfo [none]
[debug] [2025-12-21T22:56:50.569Z] <<< [apiv2][status] GET https://cloudbilling.googleapis.com/v1/projects/stadler-suite/billingInfo 200
[debug] [2025-12-21T22:56:50.569Z] <<< [apiv2][body] GET https://cloudbilling.googleapis.com/v1/projects/stadler-suite/billingInfo {"name":"projects/stadler-suite/billingInfo","projectId":"stadler-suite","billingAccountName":"billingAccounts/011C5B-07A76F-F406DD","billingEnabled":true}
[debug] [2025-12-21T22:56:50.570Z] Checked if tokens are valid: true, expires at: 1766361101790
[debug] [2025-12-21T22:56:50.571Z] Checked if tokens are valid: true, expires at: 1766361101790
[debug] [2025-12-21T22:56:50.571Z] >>> [apiv2][query] POST https://cloudfunctions.googleapis.com/v2/projects/stadler-suite/locations/europe-west1/functions:generateUploadUrl [none]
[debug] [2025-12-21T22:56:50.703Z] <<< [apiv2][status] POST https://cloudfunctions.googleapis.com/v2/projects/stadler-suite/locations/europe-west1/functions:generateUploadUrl 200
[debug] [2025-12-21T22:56:50.703Z] <<< [apiv2][body] POST https://cloudfunctions.googleapis.com/v2/projects/stadler-suite/locations/europe-west1/functions:generateUploadUrl {"uploadUrl":"https://storage.googleapis.com/gcf-v2-uploads-818386536862.europe-west1.cloudfunctions.appspot.com/b0340f5e-d048-4cf2-ae84-e728b71eb8f4.zip?GoogleAccessId=service-818386536862@gcf-admin-robot.iam.gserviceaccount.com&Expires=1766359610&Signature=o4xutPZAjgGo8F%2BXeTiY1xrF%2B3d5GLNWQWUxZtf4EhyCI1b5KQGCjGmbGIRGANiaRJ0PdxJQ6bH%2B5pGfyD51IQ2inxLTzL3Ey7zdcjs6ZF6oYssdl16mbKXHrpfOKWh820CQvvf2zyif9f8lhyfB4Qvgf7T%2B3ACS4EmO6sq6pumiAvGskhMX4olKAH3lIBBx%2BNcrEQPtPmaeduZ3zdGuzwkgPfO7Td9vAmM5hF%2F5COfcW0%2BDlUvO5tEoTRsA49vn7HzH9zbvozbtffqvnJkecfSbZiFJVe56onIgEMnCiE07uJmNX6fXhug%2B0Fu1dGn0BQC20tX1OA7tlaQlGmSyag%3D%3D","storageSource":{"bucket":"gcf-v2-uploads-818386536862.europe-west1.cloudfunctions.appspot.com","object":"b0340f5e-d048-4cf2-ae84-e728b71eb8f4.zip"}}
[debug] [2025-12-21T22:56:50.704Z] >>> [apiv2][query] PUT https://storage.googleapis.com/gcf-v2-uploads-818386536862.europe-west1.cloudfunctions.appspot.com/b0340f5e-d048-4cf2-ae84-e728b71eb8f4.zip GoogleAccessId=service-818386536862%40gcf-admin-robot.iam.gserviceaccount.com&Expires=1766359610&Signature=o4xutPZAjgGo8F%2BXeTiY1xrF%2B3d5GLNWQWUxZtf4EhyCI1b5KQGCjGmbGIRGANiaRJ0PdxJQ6bH%2B5pGfyD51IQ2inxLTzL3Ey7zdcjs6ZF6oYssdl16mbKXHrpfOKWh820CQvvf2zyif9f8lhyfB4Qvgf7T%2B3ACS4EmO6sq6pumiAvGskhMX4olKAH3lIBBx%2BNcrEQPtPmaeduZ3zdGuzwkgPfO7Td9vAmM5hF%2F5COfcW0%2BDlUvO5tEoTRsA49vn7HzH9zbvozbtffqvnJkecfSbZiFJVe56onIgEMnCiE07uJmNX6fXhug%2B0Fu1dGn0BQC20tX1OA7tlaQlGmSyag%3D%3D
[debug] [2025-12-21T22:56:50.704Z] >>> [apiv2][body] PUT https://storage.googleapis.com/gcf-v2-uploads-818386536862.europe-west1.cloudfunctions.appspot.com/b0340f5e-d048-4cf2-ae84-e728b71eb8f4.zip [stream]
[debug] [2025-12-21T22:56:50.896Z] <<< [apiv2][status] PUT https://storage.googleapis.com/gcf-v2-uploads-818386536862.europe-west1.cloudfunctions.appspot.com/b0340f5e-d048-4cf2-ae84-e728b71eb8f4.zip 200
[debug] [2025-12-21T22:56:50.896Z] <<< [apiv2][body] PUT https://storage.googleapis.com/gcf-v2-uploads-818386536862.europe-west1.cloudfunctions.appspot.com/b0340f5e-d048-4cf2-ae84-e728b71eb8f4.zip [omitted]
[info] +  functions: functions source uploaded successfully 
[info] i  functions: updating Node.js 20 (2nd Gen) function whatsappProxy(europe-west1)... 
[debug] [2025-12-21T22:56:50.901Z] Checked if tokens are valid: true, expires at: 1766361101790
[debug] [2025-12-21T22:56:50.901Z] Checked if tokens are valid: true, expires at: 1766361101790
[debug] [2025-12-21T22:56:50.901Z] >>> [apiv2][query] PATCH https://cloudfunctions.googleapis.com/v2/projects/stadler-suite/locations/europe-west1/functions/whatsappProxy updateMask=name%2CbuildConfig.runtime%2CbuildConfig.entryPoint%2CbuildConfig.source.storageSource.bucket%2CbuildConfig.source.storageSource.object%2CbuildConfig.environmentVariables%2CserviceConfig.environmentVariables%2CserviceConfig.ingressSettings%2CserviceConfig.timeoutSeconds%2CserviceConfig.serviceAccountEmail%2CserviceConfig.availableMemory%2CserviceConfig.minInstanceCount%2CserviceConfig.maxInstanceCount%2CserviceConfig.maxInstanceRequestConcurrency%2CserviceConfig.availableCpu%2CserviceConfig.vpcConnector%2CserviceConfig.vpcConnectorEgressSettings%2Clabels
[debug] [2025-12-21T22:56:50.901Z] >>> [apiv2][body] PATCH https://cloudfunctions.googleapis.com/v2/projects/stadler-suite/locations/europe-west1/functions/whatsappProxy {"name":"projects/stadler-suite/locations/europe-west1/functions/whatsappProxy","buildConfig":{"runtime":"nodejs20","entryPoint":"whatsappProxy","source":{"storageSource":{"bucket":"gcf-v2-uploads-818386536862.europe-west1.cloudfunctions.appspot.com","object":"b0340f5e-d048-4cf2-ae84-e728b71eb8f4.zip"}},"environmentVariables":{"GOOGLE_NODE_RUN_SCRIPTS":""}},"serviceConfig":{"environmentVariables":{"FIREBASE_CONFIG":"{\"projectId\":\"stadler-suite\",\"storageBucket\":\"stadler-suite.firebasestorage.app\"}","GCLOUD_PROJECT":"stadler-suite","EVENTARC_CLOUD_EVENT_SOURCE":"projects/stadler-suite/locations/europe-west1/services/whatsappProxy","FUNCTION_TARGET":"whatsappProxy","LOG_EXECUTION_ID":"true"},"ingressSettings":null,"timeoutSeconds":null,"serviceAccountEmail":null,"availableMemory":"256Mi","minInstanceCount":null,"maxInstanceCount":null,"maxInstanceRequestConcurrency":80,"availableCpu":"1","vpcConnector":null,"vpcConnectorEgressSettings":null},"labels":{"deployment-tool":"cli-firebase","firebase-functions-hash":"a4659ff6cecbdb589cd00e686461b11852d08e4a"}}
[debug] [2025-12-21T22:56:52.260Z] <<< [apiv2][status] PATCH https://cloudfunctions.googleapis.com/v2/projects/stadler-suite/locations/europe-west1/functions/whatsappProxy 200
[debug] [2025-12-21T22:56:52.260Z] <<< [apiv2][body] PATCH https://cloudfunctions.googleapis.com/v2/projects/stadler-suite/locations/europe-west1/functions/whatsappProxy {"name":"projects/stadler-suite/locations/europe-west1/operations/operation-1766357810819-6467e39dc3286-e0fb461e-5525833d","metadata":{"@type":"type.googleapis.com/google.cloud.functions.v2.OperationMetadata","createTime":"2025-12-21T22:56:52.025435306Z","target":"projects/stadler-suite/locations/europe-west1/functions/whatsappProxy","verb":"update","cancelRequested":false,"apiVersion":"v2"},"done":false}
[debug] [2025-12-21T22:56:52.260Z] Checked if tokens are valid: true, expires at: 1766361101790
[debug] [2025-12-21T22:56:52.261Z] Checked if tokens are valid: true, expires at: 1766361101790
[debug] [2025-12-21T22:56:52.261Z] >>> [apiv2][query] GET https://cloudfunctions.googleapis.com/v2/projects/stadler-suite/locations/europe-west1/operations/operation-1766357810819-6467e39dc3286-e0fb461e-5525833d [none]
[debug] [2025-12-21T22:56:52.361Z] <<< [apiv2][status] GET https://cloudfunctions.googleapis.com/v2/projects/stadler-suite/locations/europe-west1/operations/operation-1766357810819-6467e39dc3286-e0fb461e-5525833d 200
[debug] [2025-12-21T22:56:52.361Z] <<< [apiv2][body] GET https://cloudfunctions.googleapis.com/v2/projects/stadler-suite/locations/europe-west1/operations/operation-1766357810819-6467e39dc3286-e0fb461e-5525833d {"name":"projects/stadler-suite/locations/europe-west1/operations/operation-1766357810819-6467e39dc3286-e0fb461e-5525833d","metadata":{"@type":"type.googleapis.com/google.cloud.functions.v2.OperationMetadata","createTime":"2025-12-21T22:56:52.025435306Z","target":"projects/stadler-suite/locations/europe-west1/functions/whatsappProxy","verb":"update","cancelRequested":false,"apiVersion":"v2"},"done":false}
[debug] [2025-12-21T22:56:52.870Z] [update-default-europe-west1-whatsappProxy] Retrying task index 0
[debug] [2025-12-21T22:56:52.871Z] Checked if tokens are valid: true, expires at: 1766361101790
[debug] [2025-12-21T22:56:52.871Z] Checked if tokens are valid: true, expires at: 1766361101790
[debug] [2025-12-21T22:56:52.871Z] >>> [apiv2][query] GET https://cloudfunctions.googleapis.com/v2/projects/stadler-suite/locations/europe-west1/operations/operation-1766357810819-6467e39dc3286-e0fb461e-5525833d [none]
[debug] [2025-12-21T22:56:52.956Z] <<< [apiv2][status] GET https://cloudfunctions.googleapis.com/v2/projects/stadler-suite/locations/europe-west1/operations/operation-1766357810819-6467e39dc3286-e0fb461e-5525833d 200
[debug] [2025-12-21T22:56:52.956Z] <<< [apiv2][body] GET https://cloudfunctions.googleapis.com/v2/projects/stadler-suite/locations/europe-west1/operations/operation-1766357810819-6467e39dc3286-e0fb461e-5525833d {"name":"projects/stadler-suite/locations/europe-west1/operations/operation-1766357810819-6467e39dc3286-e0fb461e-5525833d","metadata":{"@type":"type.googleapis.com/google.cloud.functions.v2.OperationMetadata","createTime":"2025-12-21T22:56:52.025435306Z","target":"projects/stadler-suite/locations/europe-west1/functions/whatsappProxy","verb":"update","cancelRequested":false,"apiVersion":"v2","requestResource":{"@type":"type.googleapis.com/google.cloud.functions.v2.Function","name":"projects/stadler-suite/locations/europe-west1/functions/whatsappProxy","buildConfig":{"runtime":"nodejs20","entryPoint":"whatsappProxy","source":{"storageSource":{"bucket":"gcf-v2-sources-818386536862-europe-west1","object":"whatsappProxy/function-source.zip","generation":"1766357811914980"}},"environmentVariables":{"GOOGLE_NODE_RUN_SCRIPTS":""},"dockerRepository":"projects/stadler-suite/locations/europe-west1/repositories/gcf-artifacts","sourceProvenance":{"resolvedStorageSource":{"bucket":"gcf-v2-sources-818386536862-europe-west1","object":"whatsappProxy/function-source.zip","generation":"1766139309151070"}},"dockerRegistry":"ARTIFACT_REGISTRY","serviceAccount":"projects/stadler-suite/serviceAccounts/818386536862-compute@developer.gserviceaccount.com","automaticUpdatePolicy":{}},"serviceConfig":{"service":"projects/stadler-suite/locations/europe-west1/services/whatsappproxy","timeoutSeconds":60,"environmentVariables":{"FIREBASE_CONFIG":"{\"projectId\":\"stadler-suite\",\"storageBucket\":\"stadler-suite.firebasestorage.app\"}","GCLOUD_PROJECT":"stadler-suite","EVENTARC_CLOUD_EVENT_SOURCE":"projects/stadler-suite/locations/europe-west1/services/whatsappProxy","FUNCTION_TARGET":"whatsappProxy","LOG_EXECUTION_ID":"true"},"ingressSettings":"ALLOW_ALL","uri":"https://whatsappproxy-u52p2sjk2a-ew.a.run.app","serviceAccountEmail":"818386536862-compute@developer.gserviceaccount.com","availableMemory":"256Mi","allTrafficOnLatestRevision":true,"revision":"whatsappproxy-00004-seh","maxInstanceRequestConcurrency":80,"availableCpu":"1"},"state":"ACTIVE","labels":{"deployment-tool":"cloud-console","firebase-functions-hash":"a4659ff6cecbdb589cd00e686461b11852d08e4a"},"environment":"GEN_2","url":"https://europe-west1-stadler-suite.cloudfunctions.net/whatsappProxy","satisfiesPzi":true},"stages":[{"name":"BUILD","state":"NOT_STARTED"},{"name":"SERVICE","state":"NOT_STARTED"}],"operationType":"UPDATE_FUNCTION"},"done":false}
[debug] [2025-12-21T22:56:53.964Z] [update-default-europe-west1-whatsappProxy] Retrying task index 0
[debug] [2025-12-21T22:56:53.964Z] Checked if tokens are valid: true, expires at: 1766361101790
[debug] [2025-12-21T22:56:53.964Z] Checked if tokens are valid: true, expires at: 1766361101790
[debug] [2025-12-21T22:56:53.964Z] >>> [apiv2][query] GET https://cloudfunctions.googleapis.com/v2/projects/stadler-suite/locations/europe-west1/operations/operation-1766357810819-6467e39dc3286-e0fb461e-5525833d [none]
[debug] [2025-12-21T22:56:54.082Z] <<< [apiv2][status] GET https://cloudfunctions.googleapis.com/v2/projects/stadler-suite/locations/europe-west1/operations/operation-1766357810819-6467e39dc3286-e0fb461e-5525833d 200
[debug] [2025-12-21T22:56:54.083Z] <<< [apiv2][body] GET https://cloudfunctions.googleapis.com/v2/projects/stadler-suite/locations/europe-west1/operations/operation-1766357810819-6467e39dc3286-e0fb461e-5525833d {"name":"projects/stadler-suite/locations/europe-west1/operations/operation-1766357810819-6467e39dc3286-e0fb461e-5525833d","metadata":{"@type":"type.googleapis.com/google.cloud.functions.v2.OperationMetadata","createTime":"2025-12-21T22:56:52.025435306Z","target":"projects/stadler-suite/locations/europe-west1/functions/whatsappProxy","verb":"update","cancelRequested":false,"apiVersion":"v2","requestResource":{"@type":"type.googleapis.com/google.cloud.functions.v2.Function","name":"projects/stadler-suite/locations/europe-west1/functions/whatsappProxy","buildConfig":{"runtime":"nodejs20","entryPoint":"whatsappProxy","source":{"storageSource":{"bucket":"gcf-v2-sources-818386536862-europe-west1","object":"whatsappProxy/function-source.zip","generation":"1766357811914980"}},"environmentVariables":{"GOOGLE_NODE_RUN_SCRIPTS":""},"dockerRepository":"projects/stadler-suite/locations/europe-west1/repositories/gcf-artifacts","sourceProvenance":{"resolvedStorageSource":{"bucket":"gcf-v2-sources-818386536862-europe-west1","object":"whatsappProxy/function-source.zip","generation":"1766139309151070"}},"dockerRegistry":"ARTIFACT_REGISTRY","serviceAccount":"projects/stadler-suite/serviceAccounts/818386536862-compute@developer.gserviceaccount.com","automaticUpdatePolicy":{}},"serviceConfig":{"service":"projects/stadler-suite/locations/europe-west1/services/whatsappproxy","timeoutSeconds":60,"environmentVariables":{"FIREBASE_CONFIG":"{\"projectId\":\"stadler-suite\",\"storageBucket\":\"stadler-suite.firebasestorage.app\"}","GCLOUD_PROJECT":"stadler-suite","EVENTARC_CLOUD_EVENT_SOURCE":"projects/stadler-suite/locations/europe-west1/services/whatsappProxy","FUNCTION_TARGET":"whatsappProxy","LOG_EXECUTION_ID":"true"},"ingressSettings":"ALLOW_ALL","uri":"https://whatsappproxy-u52p2sjk2a-ew.a.run.app","serviceAccountEmail":"818386536862-compute@developer.gserviceaccount.com","availableMemory":"256Mi","allTrafficOnLatestRevision":true,"revision":"whatsappproxy-00004-seh","maxInstanceRequestConcurrency":80,"availableCpu":"1"},"state":"ACTIVE","labels":{"deployment-tool":"cloud-console","firebase-functions-hash":"a4659ff6cecbdb589cd00e686461b11852d08e4a"},"environment":"GEN_2","url":"https://europe-west1-stadler-suite.cloudfunctions.net/whatsappProxy","satisfiesPzi":true},"stages":[{"name":"BUILD","message":"Build in progress","state":"IN_PROGRESS","resource":"projects/818386536862/locations/europe-west1/builds/04c5212b-250b-4ff5-8392-0e19b7b5cd84","resourceUri":"https://console.cloud.google.com/cloud-build/builds;region=europe-west1/04c5212b-250b-4ff5-8392-0e19b7b5cd84?project=818386536862"},{"name":"SERVICE","state":"NOT_STARTED"}],"operationType":"UPDATE_FUNCTION","buildName":"projects/818386536862/locations/europe-west1/builds/04c5212b-250b-4ff5-8392-0e19b7b5cd84"},"done":false}
[debug] [2025-12-21T22:56:56.091Z] [update-default-europe-west1-whatsappProxy] Retrying task index 0
[debug] [2025-12-21T22:56:56.092Z] Checked if tokens are valid: true, expires at: 1766361101790
[debug] [2025-12-21T22:56:56.092Z] Checked if tokens are valid: true, expires at: 1766361101790
[debug] [2025-12-21T22:56:56.092Z] >>> [apiv2][query] GET https://cloudfunctions.googleapis.com/v2/projects/stadler-suite/locations/europe-west1/operations/operation-1766357810819-6467e39dc3286-e0fb461e-5525833d [none]
[debug] [2025-12-21T22:56:56.211Z] <<< [apiv2][status] GET https://cloudfunctions.googleapis.com/v2/projects/stadler-suite/locations/europe-west1/operations/operation-1766357810819-6467e39dc3286-e0fb461e-5525833d 200
[debug] [2025-12-21T22:56:56.211Z] <<< [apiv2][body] GET https://cloudfunctions.googleapis.com/v2/projects/stadler-suite/locations/europe-west1/operations/operation-1766357810819-6467e39dc3286-e0fb461e-5525833d {"name":"projects/stadler-suite/locations/europe-west1/operations/operation-1766357810819-6467e39dc3286-e0fb461e-5525833d","metadata":{"@type":"type.googleapis.com/google.cloud.functions.v2.OperationMetadata","createTime":"2025-12-21T22:56:52.025435306Z","target":"projects/stadler-suite/locations/europe-west1/functions/whatsappProxy","verb":"update","cancelRequested":false,"apiVersion":"v2","requestResource":{"@type":"type.googleapis.com/google.cloud.functions.v2.Function","name":"projects/stadler-suite/locations/europe-west1/functions/whatsappProxy","buildConfig":{"runtime":"nodejs20","entryPoint":"whatsappProxy","source":{"storageSource":{"bucket":"gcf-v2-sources-818386536862-europe-west1","object":"whatsappProxy/function-source.zip","generation":"1766357811914980"}},"environmentVariables":{"GOOGLE_NODE_RUN_SCRIPTS":""},"dockerRepository":"projects/stadler-suite/locations/europe-west1/repositories/gcf-artifacts","sourceProvenance":{"resolvedStorageSource":{"bucket":"gcf-v2-sources-818386536862-europe-west1","object":"whatsappProxy/function-source.zip","generation":"1766139309151070"}},"dockerRegistry":"ARTIFACT_REGISTRY","serviceAccount":"projects/stadler-suite/serviceAccounts/818386536862-compute@developer.gserviceaccount.com","automaticUpdatePolicy":{}},"serviceConfig":{"service":"projects/stadler-suite/locations/europe-west1/services/whatsappproxy","timeoutSeconds":60,"environmentVariables":{"FIREBASE_CONFIG":"{\"projectId\":\"stadler-suite\",\"storageBucket\":\"stadler-suite.firebasestorage.app\"}","GCLOUD_PROJECT":"stadler-suite","EVENTARC_CLOUD_EVENT_SOURCE":"projects/stadler-suite/locations/europe-west1/services/whatsappProxy","FUNCTION_TARGET":"whatsappProxy","LOG_EXECUTION_ID":"true"},"ingressSettings":"ALLOW_ALL","uri":"https://whatsappproxy-u52p2sjk2a-ew.a.run.app","serviceAccountEmail":"818386536862-compute@developer.gserviceaccount.com","availableMemory":"256Mi","allTrafficOnLatestRevision":true,"revision":"whatsappproxy-00004-seh","maxInstanceRequestConcurrency":80,"availableCpu":"1"},"state":"ACTIVE","labels":{"deployment-tool":"cloud-console","firebase-functions-hash":"a4659ff6cecbdb589cd00e686461b11852d08e4a"},"environment":"GEN_2","url":"https://europe-west1-stadler-suite.cloudfunctions.net/whatsappProxy","satisfiesPzi":true},"stages":[{"name":"BUILD","message":"Build in progress","state":"IN_PROGRESS","resource":"projects/818386536862/locations/europe-west1/builds/04c5212b-250b-4ff5-8392-0e19b7b5cd84","resourceUri":"https://console.cloud.google.com/cloud-build/builds;region=europe-west1/04c5212b-250b-4ff5-8392-0e19b7b5cd84?project=818386536862"},{"name":"SERVICE","state":"NOT_STARTED"}],"operationType":"UPDATE_FUNCTION","buildName":"projects/818386536862/locations/europe-west1/builds/04c5212b-250b-4ff5-8392-0e19b7b5cd84"},"done":false}
[debug] [2025-12-21T22:57:00.218Z] [update-default-europe-west1-whatsappProxy] Retrying task index 0
[debug] [2025-12-21T22:57:00.218Z] Checked if tokens are valid: true, expires at: 1766361101790
[debug] [2025-12-21T22:57:00.218Z] Checked if tokens are valid: true, expires at: 1766361101790
[debug] [2025-12-21T22:57:00.218Z] >>> [apiv2][query] GET https://cloudfunctions.googleapis.com/v2/projects/stadler-suite/locations/europe-west1/operations/operation-1766357810819-6467e39dc3286-e0fb461e-5525833d [none]
[debug] [2025-12-21T22:57:00.304Z] <<< [apiv2][status] GET https://cloudfunctions.googleapis.com/v2/projects/stadler-suite/locations/europe-west1/operations/operation-1766357810819-6467e39dc3286-e0fb461e-5525833d 200
[debug] [2025-12-21T22:57:00.304Z] <<< [apiv2][body] GET https://cloudfunctions.googleapis.com/v2/projects/stadler-suite/locations/europe-west1/operations/operation-1766357810819-6467e39dc3286-e0fb461e-5525833d {"name":"projects/stadler-suite/locations/europe-west1/operations/operation-1766357810819-6467e39dc3286-e0fb461e-5525833d","metadata":{"@type":"type.googleapis.com/google.cloud.functions.v2.OperationMetadata","createTime":"2025-12-21T22:56:52.025435306Z","target":"projects/stadler-suite/locations/europe-west1/functions/whatsappProxy","verb":"update","cancelRequested":false,"apiVersion":"v2","requestResource":{"@type":"type.googleapis.com/google.cloud.functions.v2.Function","name":"projects/stadler-suite/locations/europe-west1/functions/whatsappProxy","buildConfig":{"runtime":"nodejs20","entryPoint":"whatsappProxy","source":{"storageSource":{"bucket":"gcf-v2-sources-818386536862-europe-west1","object":"whatsappProxy/function-source.zip","generation":"1766357811914980"}},"environmentVariables":{"GOOGLE_NODE_RUN_SCRIPTS":""},"dockerRepository":"projects/stadler-suite/locations/europe-west1/repositories/gcf-artifacts","sourceProvenance":{"resolvedStorageSource":{"bucket":"gcf-v2-sources-818386536862-europe-west1","object":"whatsappProxy/function-source.zip","generation":"1766139309151070"}},"dockerRegistry":"ARTIFACT_REGISTRY","serviceAccount":"projects/stadler-suite/serviceAccounts/818386536862-compute@developer.gserviceaccount.com","automaticUpdatePolicy":{}},"serviceConfig":{"service":"projects/stadler-suite/locations/europe-west1/services/whatsappproxy","timeoutSeconds":60,"environmentVariables":{"FIREBASE_CONFIG":"{\"projectId\":\"stadler-suite\",\"storageBucket\":\"stadler-suite.firebasestorage.app\"}","GCLOUD_PROJECT":"stadler-suite","EVENTARC_CLOUD_EVENT_SOURCE":"projects/stadler-suite/locations/europe-west1/services/whatsappProxy","FUNCTION_TARGET":"whatsappProxy","LOG_EXECUTION_ID":"true"},"ingressSettings":"ALLOW_ALL","uri":"https://whatsappproxy-u52p2sjk2a-ew.a.run.app","serviceAccountEmail":"818386536862-compute@developer.gserviceaccount.com","availableMemory":"256Mi","allTrafficOnLatestRevision":true,"revision":"whatsappproxy-00004-seh","maxInstanceRequestConcurrency":80,"availableCpu":"1"},"state":"ACTIVE","labels":{"deployment-tool":"cloud-console","firebase-functions-hash":"a4659ff6cecbdb589cd00e686461b11852d08e4a"},"environment":"GEN_2","url":"https://europe-west1-stadler-suite.cloudfunctions.net/whatsappProxy","satisfiesPzi":true},"stages":[{"name":"BUILD","message":"Build in progress","state":"IN_PROGRESS","resource":"projects/818386536862/locations/europe-west1/builds/04c5212b-250b-4ff5-8392-0e19b7b5cd84","resourceUri":"https://console.cloud.google.com/cloud-build/builds;region=europe-west1/04c5212b-250b-4ff5-8392-0e19b7b5cd84?project=818386536862"},{"name":"SERVICE","state":"NOT_STARTED"}],"operationType":"UPDATE_FUNCTION","buildName":"projects/818386536862/locations/europe-west1/builds/04c5212b-250b-4ff5-8392-0e19b7b5cd84"},"done":false}
[debug] [2025-12-21T22:57:08.318Z] [update-default-europe-west1-whatsappProxy] Retrying task index 0
[debug] [2025-12-21T22:57:08.319Z] Checked if tokens are valid: true, expires at: 1766361101790
[debug] [2025-12-21T22:57:08.319Z] Checked if tokens are valid: true, expires at: 1766361101790
[debug] [2025-12-21T22:57:08.319Z] >>> [apiv2][query] GET https://cloudfunctions.googleapis.com/v2/projects/stadler-suite/locations/europe-west1/operations/operation-1766357810819-6467e39dc3286-e0fb461e-5525833d [none]
[debug] [2025-12-21T22:57:08.396Z] <<< [apiv2][status] GET https://cloudfunctions.googleapis.com/v2/projects/stadler-suite/locations/europe-west1/operations/operation-1766357810819-6467e39dc3286-e0fb461e-5525833d 200
[debug] [2025-12-21T22:57:08.397Z] <<< [apiv2][body] GET https://cloudfunctions.googleapis.com/v2/projects/stadler-suite/locations/europe-west1/operations/operation-1766357810819-6467e39dc3286-e0fb461e-5525833d {"name":"projects/stadler-suite/locations/europe-west1/operations/operation-1766357810819-6467e39dc3286-e0fb461e-5525833d","metadata":{"@type":"type.googleapis.com/google.cloud.functions.v2.OperationMetadata","createTime":"2025-12-21T22:56:52.025435306Z","target":"projects/stadler-suite/locations/europe-west1/functions/whatsappProxy","verb":"update","cancelRequested":false,"apiVersion":"v2","requestResource":{"@type":"type.googleapis.com/google.cloud.functions.v2.Function","name":"projects/stadler-suite/locations/europe-west1/functions/whatsappProxy","buildConfig":{"runtime":"nodejs20","entryPoint":"whatsappProxy","source":{"storageSource":{"bucket":"gcf-v2-sources-818386536862-europe-west1","object":"whatsappProxy/function-source.zip","generation":"1766357811914980"}},"environmentVariables":{"GOOGLE_NODE_RUN_SCRIPTS":""},"dockerRepository":"projects/stadler-suite/locations/europe-west1/repositories/gcf-artifacts","sourceProvenance":{"resolvedStorageSource":{"bucket":"gcf-v2-sources-818386536862-europe-west1","object":"whatsappProxy/function-source.zip","generation":"1766139309151070"}},"dockerRegistry":"ARTIFACT_REGISTRY","serviceAccount":"projects/stadler-suite/serviceAccounts/818386536862-compute@developer.gserviceaccount.com","automaticUpdatePolicy":{}},"serviceConfig":{"service":"projects/stadler-suite/locations/europe-west1/services/whatsappproxy","timeoutSeconds":60,"environmentVariables":{"FIREBASE_CONFIG":"{\"projectId\":\"stadler-suite\",\"storageBucket\":\"stadler-suite.firebasestorage.app\"}","GCLOUD_PROJECT":"stadler-suite","EVENTARC_CLOUD_EVENT_SOURCE":"projects/stadler-suite/locations/europe-west1/services/whatsappProxy","FUNCTION_TARGET":"whatsappProxy","LOG_EXECUTION_ID":"true"},"ingressSettings":"ALLOW_ALL","uri":"https://whatsappproxy-u52p2sjk2a-ew.a.run.app","serviceAccountEmail":"818386536862-compute@developer.gserviceaccount.com","availableMemory":"256Mi","allTrafficOnLatestRevision":true,"revision":"whatsappproxy-00004-seh","maxInstanceRequestConcurrency":80,"availableCpu":"1"},"state":"ACTIVE","labels":{"deployment-tool":"cloud-console","firebase-functions-hash":"a4659ff6cecbdb589cd00e686461b11852d08e4a"},"environment":"GEN_2","url":"https://europe-west1-stadler-suite.cloudfunctions.net/whatsappProxy","satisfiesPzi":true},"stages":[{"name":"BUILD","message":"Build in progress","state":"IN_PROGRESS","resource":"projects/818386536862/locations/europe-west1/builds/04c5212b-250b-4ff5-8392-0e19b7b5cd84","resourceUri":"https://console.cloud.google.com/cloud-build/builds;region=europe-west1/04c5212b-250b-4ff5-8392-0e19b7b5cd84?project=818386536862"},{"name":"SERVICE","state":"NOT_STARTED"}],"operationType":"UPDATE_FUNCTION","buildName":"projects/818386536862/locations/europe-west1/builds/04c5212b-250b-4ff5-8392-0e19b7b5cd84"},"done":false}
[debug] [2025-12-21T22:57:18.412Z] [update-default-europe-west1-whatsappProxy] Retrying task index 0
[debug] [2025-12-21T22:57:18.412Z] Checked if tokens are valid: true, expires at: 1766361101790
[debug] [2025-12-21T22:57:18.412Z] Checked if tokens are valid: true, expires at: 1766361101790
[debug] [2025-12-21T22:57:18.413Z] >>> [apiv2][query] GET https://cloudfunctions.googleapis.com/v2/projects/stadler-suite/locations/europe-west1/operations/operation-1766357810819-6467e39dc3286-e0fb461e-5525833d [none]
[debug] [2025-12-21T22:57:18.523Z] <<< [apiv2][status] GET https://cloudfunctions.googleapis.com/v2/projects/stadler-suite/locations/europe-west1/operations/operation-1766357810819-6467e39dc3286-e0fb461e-5525833d 200
[debug] [2025-12-21T22:57:18.523Z] <<< [apiv2][body] GET https://cloudfunctions.googleapis.com/v2/projects/stadler-suite/locations/europe-west1/operations/operation-1766357810819-6467e39dc3286-e0fb461e-5525833d {"name":"projects/stadler-suite/locations/europe-west1/operations/operation-1766357810819-6467e39dc3286-e0fb461e-5525833d","metadata":{"@type":"type.googleapis.com/google.cloud.functions.v2.OperationMetadata","createTime":"2025-12-21T22:56:52.025435306Z","target":"projects/stadler-suite/locations/europe-west1/functions/whatsappProxy","verb":"update","cancelRequested":false,"apiVersion":"v2","requestResource":{"@type":"type.googleapis.com/google.cloud.functions.v2.Function","name":"projects/stadler-suite/locations/europe-west1/functions/whatsappProxy","buildConfig":{"runtime":"nodejs20","entryPoint":"whatsappProxy","source":{"storageSource":{"bucket":"gcf-v2-sources-818386536862-europe-west1","object":"whatsappProxy/function-source.zip","generation":"1766357811914980"}},"environmentVariables":{"GOOGLE_NODE_RUN_SCRIPTS":""},"dockerRepository":"projects/stadler-suite/locations/europe-west1/repositories/gcf-artifacts","sourceProvenance":{"resolvedStorageSource":{"bucket":"gcf-v2-sources-818386536862-europe-west1","object":"whatsappProxy/function-source.zip","generation":"1766139309151070"}},"dockerRegistry":"ARTIFACT_REGISTRY","serviceAccount":"projects/stadler-suite/serviceAccounts/818386536862-compute@developer.gserviceaccount.com","automaticUpdatePolicy":{}},"serviceConfig":{"service":"projects/stadler-suite/locations/europe-west1/services/whatsappproxy","timeoutSeconds":60,"environmentVariables":{"FIREBASE_CONFIG":"{\"projectId\":\"stadler-suite\",\"storageBucket\":\"stadler-suite.firebasestorage.app\"}","GCLOUD_PROJECT":"stadler-suite","EVENTARC_CLOUD_EVENT_SOURCE":"projects/stadler-suite/locations/europe-west1/services/whatsappProxy","FUNCTION_TARGET":"whatsappProxy","LOG_EXECUTION_ID":"true"},"ingressSettings":"ALLOW_ALL","uri":"https://whatsappproxy-u52p2sjk2a-ew.a.run.app","serviceAccountEmail":"818386536862-compute@developer.gserviceaccount.com","availableMemory":"256Mi","allTrafficOnLatestRevision":true,"revision":"whatsappproxy-00004-seh","maxInstanceRequestConcurrency":80,"availableCpu":"1"},"state":"ACTIVE","labels":{"deployment-tool":"cloud-console","firebase-functions-hash":"a4659ff6cecbdb589cd00e686461b11852d08e4a"},"environment":"GEN_2","url":"https://europe-west1-stadler-suite.cloudfunctions.net/whatsappProxy","satisfiesPzi":true},"stages":[{"name":"BUILD","message":"Build in progress","state":"IN_PROGRESS","resource":"projects/818386536862/locations/europe-west1/builds/04c5212b-250b-4ff5-8392-0e19b7b5cd84","resourceUri":"https://console.cloud.google.com/cloud-build/builds;region=europe-west1/04c5212b-250b-4ff5-8392-0e19b7b5cd84?project=818386536862"},{"name":"SERVICE","state":"NOT_STARTED"}],"operationType":"UPDATE_FUNCTION","buildName":"projects/818386536862/locations/europe-west1/builds/04c5212b-250b-4ff5-8392-0e19b7b5cd84"},"done":false}
[debug] [2025-12-21T22:57:28.530Z] [update-default-europe-west1-whatsappProxy] Retrying task index 0
[debug] [2025-12-21T22:57:28.530Z] Checked if tokens are valid: true, expires at: 1766361101790
[debug] [2025-12-21T22:57:28.530Z] Checked if tokens are valid: true, expires at: 1766361101790
[debug] [2025-12-21T22:57:28.530Z] >>> [apiv2][query] GET https://cloudfunctions.googleapis.com/v2/projects/stadler-suite/locations/europe-west1/operations/operation-1766357810819-6467e39dc3286-e0fb461e-5525833d [none]
[debug] [2025-12-21T22:57:28.647Z] <<< [apiv2][status] GET https://cloudfunctions.googleapis.com/v2/projects/stadler-suite/locations/europe-west1/operations/operation-1766357810819-6467e39dc3286-e0fb461e-5525833d 200
[debug] [2025-12-21T22:57:28.647Z] <<< [apiv2][body] GET https://cloudfunctions.googleapis.com/v2/projects/stadler-suite/locations/europe-west1/operations/operation-1766357810819-6467e39dc3286-e0fb461e-5525833d {"name":"projects/stadler-suite/locations/europe-west1/operations/operation-1766357810819-6467e39dc3286-e0fb461e-5525833d","metadata":{"@type":"type.googleapis.com/google.cloud.functions.v2.OperationMetadata","createTime":"2025-12-21T22:56:52.025435306Z","target":"projects/stadler-suite/locations/europe-west1/functions/whatsappProxy","verb":"update","cancelRequested":false,"apiVersion":"v2","requestResource":{"@type":"type.googleapis.com/google.cloud.functions.v2.Function","name":"projects/stadler-suite/locations/europe-west1/functions/whatsappProxy","buildConfig":{"runtime":"nodejs20","entryPoint":"whatsappProxy","source":{"storageSource":{"bucket":"gcf-v2-sources-818386536862-europe-west1","object":"whatsappProxy/function-source.zip","generation":"1766357811914980"}},"environmentVariables":{"GOOGLE_NODE_RUN_SCRIPTS":""},"dockerRepository":"projects/stadler-suite/locations/europe-west1/repositories/gcf-artifacts","sourceProvenance":{"resolvedStorageSource":{"bucket":"gcf-v2-sources-818386536862-europe-west1","object":"whatsappProxy/function-source.zip","generation":"1766139309151070"}},"dockerRegistry":"ARTIFACT_REGISTRY","serviceAccount":"projects/stadler-suite/serviceAccounts/818386536862-compute@developer.gserviceaccount.com","automaticUpdatePolicy":{}},"serviceConfig":{"service":"projects/stadler-suite/locations/europe-west1/services/whatsappproxy","timeoutSeconds":60,"environmentVariables":{"FIREBASE_CONFIG":"{\"projectId\":\"stadler-suite\",\"storageBucket\":\"stadler-suite.firebasestorage.app\"}","GCLOUD_PROJECT":"stadler-suite","EVENTARC_CLOUD_EVENT_SOURCE":"projects/stadler-suite/locations/europe-west1/services/whatsappProxy","FUNCTION_TARGET":"whatsappProxy","LOG_EXECUTION_ID":"true"},"ingressSettings":"ALLOW_ALL","uri":"https://whatsappproxy-u52p2sjk2a-ew.a.run.app","serviceAccountEmail":"818386536862-compute@developer.gserviceaccount.com","availableMemory":"256Mi","allTrafficOnLatestRevision":true,"revision":"whatsappproxy-00004-seh","maxInstanceRequestConcurrency":80,"availableCpu":"1"},"state":"ACTIVE","labels":{"deployment-tool":"cloud-console","firebase-functions-hash":"a4659ff6cecbdb589cd00e686461b11852d08e4a"},"environment":"GEN_2","url":"https://europe-west1-stadler-suite.cloudfunctions.net/whatsappProxy","satisfiesPzi":true},"stages":[{"name":"BUILD","message":"Build in progress","state":"IN_PROGRESS","resource":"projects/818386536862/locations/europe-west1/builds/04c5212b-250b-4ff5-8392-0e19b7b5cd84","resourceUri":"https://console.cloud.google.com/cloud-build/builds;region=europe-west1/04c5212b-250b-4ff5-8392-0e19b7b5cd84?project=818386536862"},{"name":"SERVICE","state":"NOT_STARTED"}],"operationType":"UPDATE_FUNCTION","buildName":"projects/818386536862/locations/europe-west1/builds/04c5212b-250b-4ff5-8392-0e19b7b5cd84"},"done":false}
[debug] [2025-12-21T22:57:38.657Z] [update-default-europe-west1-whatsappProxy] Retrying task index 0
[debug] [2025-12-21T22:57:38.657Z] Checked if tokens are valid: true, expires at: 1766361101790
[debug] [2025-12-21T22:57:38.657Z] Checked if tokens are valid: true, expires at: 1766361101790
[debug] [2025-12-21T22:57:38.657Z] >>> [apiv2][query] GET https://cloudfunctions.googleapis.com/v2/projects/stadler-suite/locations/europe-west1/operations/operation-1766357810819-6467e39dc3286-e0fb461e-5525833d [none]
[debug] [2025-12-21T22:57:38.764Z] <<< [apiv2][status] GET https://cloudfunctions.googleapis.com/v2/projects/stadler-suite/locations/europe-west1/operations/operation-1766357810819-6467e39dc3286-e0fb461e-5525833d 200
[debug] [2025-12-21T22:57:38.765Z] <<< [apiv2][body] GET https://cloudfunctions.googleapis.com/v2/projects/stadler-suite/locations/europe-west1/operations/operation-1766357810819-6467e39dc3286-e0fb461e-5525833d {"name":"projects/stadler-suite/locations/europe-west1/operations/operation-1766357810819-6467e39dc3286-e0fb461e-5525833d","metadata":{"@type":"type.googleapis.com/google.cloud.functions.v2.OperationMetadata","createTime":"2025-12-21T22:56:52.025435306Z","target":"projects/stadler-suite/locations/europe-west1/functions/whatsappProxy","verb":"update","cancelRequested":false,"apiVersion":"v2","requestResource":{"@type":"type.googleapis.com/google.cloud.functions.v2.Function","name":"projects/stadler-suite/locations/europe-west1/functions/whatsappProxy","buildConfig":{"runtime":"nodejs20","entryPoint":"whatsappProxy","source":{"storageSource":{"bucket":"gcf-v2-sources-818386536862-europe-west1","object":"whatsappProxy/function-source.zip","generation":"1766357811914980"}},"environmentVariables":{"GOOGLE_NODE_RUN_SCRIPTS":""},"dockerRepository":"projects/stadler-suite/locations/europe-west1/repositories/gcf-artifacts","sourceProvenance":{"resolvedStorageSource":{"bucket":"gcf-v2-sources-818386536862-europe-west1","object":"whatsappProxy/function-source.zip","generation":"1766139309151070"}},"dockerRegistry":"ARTIFACT_REGISTRY","serviceAccount":"projects/stadler-suite/serviceAccounts/818386536862-compute@developer.gserviceaccount.com","automaticUpdatePolicy":{}},"serviceConfig":{"service":"projects/stadler-suite/locations/europe-west1/services/whatsappproxy","timeoutSeconds":60,"environmentVariables":{"FIREBASE_CONFIG":"{\"projectId\":\"stadler-suite\",\"storageBucket\":\"stadler-suite.firebasestorage.app\"}","GCLOUD_PROJECT":"stadler-suite","EVENTARC_CLOUD_EVENT_SOURCE":"projects/stadler-suite/locations/europe-west1/services/whatsappProxy","FUNCTION_TARGET":"whatsappProxy","LOG_EXECUTION_ID":"true"},"ingressSettings":"ALLOW_ALL","uri":"https://whatsappproxy-u52p2sjk2a-ew.a.run.app","serviceAccountEmail":"818386536862-compute@developer.gserviceaccount.com","availableMemory":"256Mi","allTrafficOnLatestRevision":true,"revision":"whatsappproxy-00004-seh","maxInstanceRequestConcurrency":80,"availableCpu":"1"},"state":"ACTIVE","labels":{"deployment-tool":"cloud-console","firebase-functions-hash":"a4659ff6cecbdb589cd00e686461b11852d08e4a"},"environment":"GEN_2","url":"https://europe-west1-stadler-suite.cloudfunctions.net/whatsappProxy","satisfiesPzi":true},"stages":[{"name":"BUILD","message":"Build in progress","state":"IN_PROGRESS","resource":"projects/818386536862/locations/europe-west1/builds/04c5212b-250b-4ff5-8392-0e19b7b5cd84","resourceUri":"https://console.cloud.google.com/cloud-build/builds;region=europe-west1/04c5212b-250b-4ff5-8392-0e19b7b5cd84?project=818386536862"},{"name":"SERVICE","state":"NOT_STARTED"}],"operationType":"UPDATE_FUNCTION","buildName":"projects/818386536862/locations/europe-west1/builds/04c5212b-250b-4ff5-8392-0e19b7b5cd84"},"done":false}
[debug] [2025-12-21T22:57:48.770Z] [update-default-europe-west1-whatsappProxy] Retrying task index 0
[debug] [2025-12-21T22:57:48.770Z] Checked if tokens are valid: true, expires at: 1766361101790
[debug] [2025-12-21T22:57:48.770Z] Checked if tokens are valid: true, expires at: 1766361101790
[debug] [2025-12-21T22:57:48.770Z] >>> [apiv2][query] GET https://cloudfunctions.googleapis.com/v2/projects/stadler-suite/locations/europe-west1/operations/operation-1766357810819-6467e39dc3286-e0fb461e-5525833d [none]
[debug] [2025-12-21T22:57:48.879Z] <<< [apiv2][status] GET https://cloudfunctions.googleapis.com/v2/projects/stadler-suite/locations/europe-west1/operations/operation-1766357810819-6467e39dc3286-e0fb461e-5525833d 200
[debug] [2025-12-21T22:57:48.879Z] <<< [apiv2][body] GET https://cloudfunctions.googleapis.com/v2/projects/stadler-suite/locations/europe-west1/operations/operation-1766357810819-6467e39dc3286-e0fb461e-5525833d {"name":"projects/stadler-suite/locations/europe-west1/operations/operation-1766357810819-6467e39dc3286-e0fb461e-5525833d","metadata":{"@type":"type.googleapis.com/google.cloud.functions.v2.OperationMetadata","createTime":"2025-12-21T22:56:52.025435306Z","target":"projects/stadler-suite/locations/europe-west1/functions/whatsappProxy","verb":"update","cancelRequested":false,"apiVersion":"v2","requestResource":{"@type":"type.googleapis.com/google.cloud.functions.v2.Function","name":"projects/stadler-suite/locations/europe-west1/functions/whatsappProxy","buildConfig":{"runtime":"nodejs20","entryPoint":"whatsappProxy","source":{"storageSource":{"bucket":"gcf-v2-sources-818386536862-europe-west1","object":"whatsappProxy/function-source.zip","generation":"1766357811914980"}},"environmentVariables":{"GOOGLE_NODE_RUN_SCRIPTS":""},"dockerRepository":"projects/stadler-suite/locations/europe-west1/repositories/gcf-artifacts","sourceProvenance":{"resolvedStorageSource":{"bucket":"gcf-v2-sources-818386536862-europe-west1","object":"whatsappProxy/function-source.zip","generation":"1766139309151070"}},"dockerRegistry":"ARTIFACT_REGISTRY","serviceAccount":"projects/stadler-suite/serviceAccounts/818386536862-compute@developer.gserviceaccount.com","automaticUpdatePolicy":{}},"serviceConfig":{"service":"projects/stadler-suite/locations/europe-west1/services/whatsappproxy","timeoutSeconds":60,"environmentVariables":{"FIREBASE_CONFIG":"{\"projectId\":\"stadler-suite\",\"storageBucket\":\"stadler-suite.firebasestorage.app\"}","GCLOUD_PROJECT":"stadler-suite","EVENTARC_CLOUD_EVENT_SOURCE":"projects/stadler-suite/locations/europe-west1/services/whatsappProxy","FUNCTION_TARGET":"whatsappProxy","LOG_EXECUTION_ID":"true"},"ingressSettings":"ALLOW_ALL","uri":"https://whatsappproxy-u52p2sjk2a-ew.a.run.app","serviceAccountEmail":"818386536862-compute@developer.gserviceaccount.com","availableMemory":"256Mi","allTrafficOnLatestRevision":true,"revision":"whatsappproxy-00004-seh","maxInstanceRequestConcurrency":80,"availableCpu":"1"},"state":"ACTIVE","labels":{"deployment-tool":"cloud-console","firebase-functions-hash":"a4659ff6cecbdb589cd00e686461b11852d08e4a"},"environment":"GEN_2","url":"https://europe-west1-stadler-suite.cloudfunctions.net/whatsappProxy","satisfiesPzi":true},"stages":[{"name":"BUILD","message":"Build in progress","state":"IN_PROGRESS","resource":"projects/818386536862/locations/europe-west1/builds/04c5212b-250b-4ff5-8392-0e19b7b5cd84","resourceUri":"https://console.cloud.google.com/cloud-build/builds;region=europe-west1/04c5212b-250b-4ff5-8392-0e19b7b5cd84?project=818386536862"},{"name":"SERVICE","state":"NOT_STARTED"}],"operationType":"UPDATE_FUNCTION","buildName":"projects/818386536862/locations/europe-west1/builds/04c5212b-250b-4ff5-8392-0e19b7b5cd84"},"done":false}
[debug] [2025-12-21T22:57:58.893Z] [update-default-europe-west1-whatsappProxy] Retrying task index 0
[debug] [2025-12-21T22:57:58.894Z] Checked if tokens are valid: true, expires at: 1766361101790
[debug] [2025-12-21T22:57:58.894Z] Checked if tokens are valid: true, expires at: 1766361101790
[debug] [2025-12-21T22:57:58.894Z] >>> [apiv2][query] GET https://cloudfunctions.googleapis.com/v2/projects/stadler-suite/locations/europe-west1/operations/operation-1766357810819-6467e39dc3286-e0fb461e-5525833d [none]
[debug] [2025-12-21T22:57:59.004Z] <<< [apiv2][status] GET https://cloudfunctions.googleapis.com/v2/projects/stadler-suite/locations/europe-west1/operations/operation-1766357810819-6467e39dc3286-e0fb461e-5525833d 200
[debug] [2025-12-21T22:57:59.004Z] <<< [apiv2][body] GET https://cloudfunctions.googleapis.com/v2/projects/stadler-suite/locations/europe-west1/operations/operation-1766357810819-6467e39dc3286-e0fb461e-5525833d {"name":"projects/stadler-suite/locations/europe-west1/operations/operation-1766357810819-6467e39dc3286-e0fb461e-5525833d","metadata":{"@type":"type.googleapis.com/google.cloud.functions.v2.OperationMetadata","createTime":"2025-12-21T22:56:52.025435306Z","target":"projects/stadler-suite/locations/europe-west1/functions/whatsappProxy","verb":"update","cancelRequested":false,"apiVersion":"v2","requestResource":{"@type":"type.googleapis.com/google.cloud.functions.v2.Function","name":"projects/stadler-suite/locations/europe-west1/functions/whatsappProxy","buildConfig":{"runtime":"nodejs20","entryPoint":"whatsappProxy","source":{"storageSource":{"bucket":"gcf-v2-sources-818386536862-europe-west1","object":"whatsappProxy/function-source.zip","generation":"1766357811914980"}},"environmentVariables":{"GOOGLE_NODE_RUN_SCRIPTS":""},"dockerRepository":"projects/stadler-suite/locations/europe-west1/repositories/gcf-artifacts","sourceProvenance":{"resolvedStorageSource":{"bucket":"gcf-v2-sources-818386536862-europe-west1","object":"whatsappProxy/function-source.zip","generation":"1766139309151070"}},"dockerRegistry":"ARTIFACT_REGISTRY","serviceAccount":"projects/stadler-suite/serviceAccounts/818386536862-compute@developer.gserviceaccount.com","automaticUpdatePolicy":{}},"serviceConfig":{"service":"projects/stadler-suite/locations/europe-west1/services/whatsappproxy","timeoutSeconds":60,"environmentVariables":{"FIREBASE_CONFIG":"{\"projectId\":\"stadler-suite\",\"storageBucket\":\"stadler-suite.firebasestorage.app\"}","GCLOUD_PROJECT":"stadler-suite","EVENTARC_CLOUD_EVENT_SOURCE":"projects/stadler-suite/locations/europe-west1/services/whatsappProxy","FUNCTION_TARGET":"whatsappProxy","LOG_EXECUTION_ID":"true"},"ingressSettings":"ALLOW_ALL","uri":"https://whatsappproxy-u52p2sjk2a-ew.a.run.app","serviceAccountEmail":"818386536862-compute@developer.gserviceaccount.com","availableMemory":"256Mi","allTrafficOnLatestRevision":true,"revision":"whatsappproxy-00004-seh","maxInstanceRequestConcurrency":80,"availableCpu":"1"},"state":"ACTIVE","labels":{"deployment-tool":"cloud-console","firebase-functions-hash":"a4659ff6cecbdb589cd00e686461b11852d08e4a"},"environment":"GEN_2","url":"https://europe-west1-stadler-suite.cloudfunctions.net/whatsappProxy","satisfiesPzi":true},"stages":[{"name":"BUILD","message":"Build in progress","state":"IN_PROGRESS","resource":"projects/818386536862/locations/europe-west1/builds/04c5212b-250b-4ff5-8392-0e19b7b5cd84","resourceUri":"https://console.cloud.google.com/cloud-build/builds;region=europe-west1/04c5212b-250b-4ff5-8392-0e19b7b5cd84?project=818386536862"},{"name":"SERVICE","state":"NOT_STARTED"}],"operationType":"UPDATE_FUNCTION","buildName":"projects/818386536862/locations/europe-west1/builds/04c5212b-250b-4ff5-8392-0e19b7b5cd84"},"done":false}
[debug] [2025-12-21T22:58:09.010Z] [update-default-europe-west1-whatsappProxy] Retrying task index 0
[debug] [2025-12-21T22:58:09.011Z] Checked if tokens are valid: true, expires at: 1766361101790
[debug] [2025-12-21T22:58:09.011Z] Checked if tokens are valid: true, expires at: 1766361101790
[debug] [2025-12-21T22:58:09.011Z] >>> [apiv2][query] GET https://cloudfunctions.googleapis.com/v2/projects/stadler-suite/locations/europe-west1/operations/operation-1766357810819-6467e39dc3286-e0fb461e-5525833d [none]
[debug] [2025-12-21T22:58:09.165Z] <<< [apiv2][status] GET https://cloudfunctions.googleapis.com/v2/projects/stadler-suite/locations/europe-west1/operations/operation-1766357810819-6467e39dc3286-e0fb461e-5525833d 200
[debug] [2025-12-21T22:58:09.165Z] <<< [apiv2][body] GET https://cloudfunctions.googleapis.com/v2/projects/stadler-suite/locations/europe-west1/operations/operation-1766357810819-6467e39dc3286-e0fb461e-5525833d {"name":"projects/stadler-suite/locations/europe-west1/operations/operation-1766357810819-6467e39dc3286-e0fb461e-5525833d","metadata":{"@type":"type.googleapis.com/google.cloud.functions.v2.OperationMetadata","createTime":"2025-12-21T22:56:52.025435306Z","target":"projects/stadler-suite/locations/europe-west1/functions/whatsappProxy","verb":"update","cancelRequested":false,"apiVersion":"v2","requestResource":{"@type":"type.googleapis.com/google.cloud.functions.v2.Function","name":"projects/stadler-suite/locations/europe-west1/functions/whatsappProxy","buildConfig":{"runtime":"nodejs20","entryPoint":"whatsappProxy","source":{"storageSource":{"bucket":"gcf-v2-sources-818386536862-europe-west1","object":"whatsappProxy/function-source.zip","generation":"1766357811914980"}},"environmentVariables":{"GOOGLE_NODE_RUN_SCRIPTS":""},"dockerRepository":"projects/stadler-suite/locations/europe-west1/repositories/gcf-artifacts","sourceProvenance":{"resolvedStorageSource":{"bucket":"gcf-v2-sources-818386536862-europe-west1","object":"whatsappProxy/function-source.zip","generation":"1766139309151070"}},"dockerRegistry":"ARTIFACT_REGISTRY","serviceAccount":"projects/stadler-suite/serviceAccounts/818386536862-compute@developer.gserviceaccount.com","automaticUpdatePolicy":{}},"serviceConfig":{"service":"projects/stadler-suite/locations/europe-west1/services/whatsappproxy","timeoutSeconds":60,"environmentVariables":{"FIREBASE_CONFIG":"{\"projectId\":\"stadler-suite\",\"storageBucket\":\"stadler-suite.firebasestorage.app\"}","GCLOUD_PROJECT":"stadler-suite","EVENTARC_CLOUD_EVENT_SOURCE":"projects/stadler-suite/locations/europe-west1/services/whatsappProxy","FUNCTION_TARGET":"whatsappProxy","LOG_EXECUTION_ID":"true"},"ingressSettings":"ALLOW_ALL","uri":"https://whatsappproxy-u52p2sjk2a-ew.a.run.app","serviceAccountEmail":"818386536862-compute@developer.gserviceaccount.com","availableMemory":"256Mi","allTrafficOnLatestRevision":true,"revision":"whatsappproxy-00004-seh","maxInstanceRequestConcurrency":80,"availableCpu":"1"},"state":"ACTIVE","labels":{"deployment-tool":"cloud-console","firebase-functions-hash":"a4659ff6cecbdb589cd00e686461b11852d08e4a"},"environment":"GEN_2","url":"https://europe-west1-stadler-suite.cloudfunctions.net/whatsappProxy","satisfiesPzi":true},"stages":[{"name":"BUILD","message":"Build finished","state":"COMPLETE","resource":"projects/818386536862/locations/europe-west1/builds/04c5212b-250b-4ff5-8392-0e19b7b5cd84","resourceUri":"https://console.cloud.google.com/cloud-build/builds;region=europe-west1/04c5212b-250b-4ff5-8392-0e19b7b5cd84?project=818386536862"},{"name":"SERVICE","message":"Updating Cloud Run service","state":"IN_PROGRESS","resource":"projects/stadler-suite/locations/europe-west1/services/whatsappproxy","resourceUri":"https://console.cloud.google.com/run/detail/europe-west1/whatsappproxy?project=stadler-suite","stateMessages":[{"severity":"INFO","type":"CloudRunServiceNewRevisionTrafficInfo","message":"A new revision will be deployed serving with 100% traffic."}]}],"sourceToken":"Clhwcm9qZWN0cy84MTgzODY1MzY4NjIvbG9jYXRpb25zL2V1cm9wZS13ZXN0MS9idWlsZHMvMDRjNTIxMmItMjUwYi00ZmY1LTgzOTItMGUxOWI3YjVjZDg0Em9ldXJvcGUtd2VzdDEtZG9ja2VyLnBrZy5kZXYvc3RhZGxlci1zdWl0ZS9nY2YtYXJ0aWZhY3RzL3N0YWRsZXItLXN1aXRlX19ldXJvcGUtLXdlc3QxX193aGF0c2FwcF9wcm94eTp2ZXJzaW9uXzEYnpOO3egXIkVwcm9qZWN0cy9zdGFkbGVyLXN1aXRlL2xvY2F0aW9ucy9ldXJvcGUtd2VzdDEvZnVuY3Rpb25zL3doYXRzYXBwUHJveHkqDAj89qHKBhDg0+ziAjIIbm9kZWpzMjA6dwojZ2NyLmlvL2dhZS1ydW50aW1lcy9ub2RlanMyMDpzdGFibGUSUGV1cm9wZS13ZXN0MS1kb2NrZXIucGtnLmRldi9zZXJ2ZXJsZXNzLXJ1bnRpbWVzL2dvb2dsZS0yMi1mdWxsL3J1bnRpbWVzL25vZGVqczIwQAE=","operationType":"UPDATE_FUNCTION","buildName":"projects/818386536862/locations/europe-west1/builds/04c5212b-250b-4ff5-8392-0e19b7b5cd84"},"done":false}
[debug] [2025-12-21T22:58:09.166Z] Got source token Clhwcm9qZWN0cy84MTgzODY1MzY4NjIvbG9jYXRpb25zL2V1cm9wZS13ZXN0MS9idWlsZHMvMDRjNTIxMmItMjUwYi00ZmY1LTgzOTItMGUxOWI3YjVjZDg0Em9ldXJvcGUtd2VzdDEtZG9ja2VyLnBrZy5kZXYvc3RhZGxlci1zdWl0ZS9nY2YtYXJ0aWZhY3RzL3N0YWRsZXItLXN1aXRlX19ldXJvcGUtLXdlc3QxX193aGF0c2FwcF9wcm94eTp2ZXJzaW9uXzEYnpOO3egXIkVwcm9qZWN0cy9zdGFkbGVyLXN1aXRlL2xvY2F0aW9ucy9ldXJvcGUtd2VzdDEvZnVuY3Rpb25zL3doYXRzYXBwUHJveHkqDAj89qHKBhDg0+ziAjIIbm9kZWpzMjA6dwojZ2NyLmlvL2dhZS1ydW50aW1lcy9ub2RlanMyMDpzdGFibGUSUGV1cm9wZS13ZXN0MS1kb2NrZXIucGtnLmRldi9zZXJ2ZXJsZXNzLXJ1bnRpbWVzL2dvb2dsZS0yMi1mdWxsL3J1bnRpbWVzL25vZGVqczIwQAE= for region europe-west1
[debug] [2025-12-21T22:58:19.181Z] [update-default-europe-west1-whatsappProxy] Retrying task index 0
[debug] [2025-12-21T22:58:19.181Z] Checked if tokens are valid: true, expires at: 1766361101790
[debug] [2025-12-21T22:58:19.182Z] Checked if tokens are valid: true, expires at: 1766361101790
[debug] [2025-12-21T22:58:19.182Z] >>> [apiv2][query] GET https://cloudfunctions.googleapis.com/v2/projects/stadler-suite/locations/europe-west1/operations/operation-1766357810819-6467e39dc3286-e0fb461e-5525833d [none]
[debug] [2025-12-21T22:58:19.296Z] <<< [apiv2][status] GET https://cloudfunctions.googleapis.com/v2/projects/stadler-suite/locations/europe-west1/operations/operation-1766357810819-6467e39dc3286-e0fb461e-5525833d 200
[debug] [2025-12-21T22:58:19.296Z] <<< [apiv2][body] GET https://cloudfunctions.googleapis.com/v2/projects/stadler-suite/locations/europe-west1/operations/operation-1766357810819-6467e39dc3286-e0fb461e-5525833d {"name":"projects/stadler-suite/locations/europe-west1/operations/operation-1766357810819-6467e39dc3286-e0fb461e-5525833d","metadata":{"@type":"type.googleapis.com/google.cloud.functions.v2.OperationMetadata","createTime":"2025-12-21T22:56:52.025435306Z","endTime":"2025-12-21T22:58:14.073251599Z","target":"projects/stadler-suite/locations/europe-west1/functions/whatsappProxy","verb":"update","cancelRequested":false,"apiVersion":"v2","requestResource":{"@type":"type.googleapis.com/google.cloud.functions.v2.Function","name":"projects/stadler-suite/locations/europe-west1/functions/whatsappProxy","buildConfig":{"runtime":"nodejs20","entryPoint":"whatsappProxy","source":{"storageSource":{"bucket":"gcf-v2-sources-818386536862-europe-west1","object":"whatsappProxy/function-source.zip","generation":"1766357811914980"}},"environmentVariables":{"GOOGLE_NODE_RUN_SCRIPTS":""},"dockerRepository":"projects/stadler-suite/locations/europe-west1/repositories/gcf-artifacts","sourceProvenance":{"resolvedStorageSource":{"bucket":"gcf-v2-sources-818386536862-europe-west1","object":"whatsappProxy/function-source.zip","generation":"1766139309151070"}},"dockerRegistry":"ARTIFACT_REGISTRY","serviceAccount":"projects/stadler-suite/serviceAccounts/818386536862-compute@developer.gserviceaccount.com","automaticUpdatePolicy":{}},"serviceConfig":{"service":"projects/stadler-suite/locations/europe-west1/services/whatsappproxy","timeoutSeconds":60,"environmentVariables":{"FIREBASE_CONFIG":"{\"projectId\":\"stadler-suite\",\"storageBucket\":\"stadler-suite.firebasestorage.app\"}","GCLOUD_PROJECT":"stadler-suite","EVENTARC_CLOUD_EVENT_SOURCE":"projects/stadler-suite/locations/europe-west1/services/whatsappProxy","FUNCTION_TARGET":"whatsappProxy","LOG_EXECUTION_ID":"true"},"ingressSettings":"ALLOW_ALL","uri":"https://whatsappproxy-u52p2sjk2a-ew.a.run.app","serviceAccountEmail":"818386536862-compute@developer.gserviceaccount.com","availableMemory":"256Mi","allTrafficOnLatestRevision":true,"revision":"whatsappproxy-00004-seh","maxInstanceRequestConcurrency":80,"availableCpu":"1"},"state":"ACTIVE","labels":{"deployment-tool":"cloud-console","firebase-functions-hash":"a4659ff6cecbdb589cd00e686461b11852d08e4a"},"environment":"GEN_2","url":"https://europe-west1-stadler-suite.cloudfunctions.net/whatsappProxy","satisfiesPzi":true},"stages":[{"name":"BUILD","message":"Build finished","state":"COMPLETE","resource":"projects/818386536862/locations/europe-west1/builds/04c5212b-250b-4ff5-8392-0e19b7b5cd84","resourceUri":"https://console.cloud.google.com/cloud-build/builds;region=europe-west1/04c5212b-250b-4ff5-8392-0e19b7b5cd84?project=818386536862"},{"name":"SERVICE","message":"Updating Cloud Run service","state":"COMPLETE","resource":"projects/stadler-suite/locations/europe-west1/services/whatsappproxy","resourceUri":"https://console.cloud.google.com/run/detail/europe-west1/whatsappproxy?project=stadler-suite","stateMessages":[{"severity":"INFO","type":"CloudRunServiceNewRevisionTrafficInfo","message":"A new revision will be deployed serving with 100% traffic."}]}],"sourceToken":"Clhwcm9qZWN0cy84MTgzODY1MzY4NjIvbG9jYXRpb25zL2V1cm9wZS13ZXN0MS9idWlsZHMvMDRjNTIxMmItMjUwYi00ZmY1LTgzOTItMGUxOWI3YjVjZDg0Em9ldXJvcGUtd2VzdDEtZG9ja2VyLnBrZy5kZXYvc3RhZGxlci1zdWl0ZS9nY2YtYXJ0aWZhY3RzL3N0YWRsZXItLXN1aXRlX19ldXJvcGUtLXdlc3QxX193aGF0c2FwcF9wcm94eTp2ZXJzaW9uXzEYnpOO3egXIkVwcm9qZWN0cy9zdGFkbGVyLXN1aXRlL2xvY2F0aW9ucy9ldXJvcGUtd2VzdDEvZnVuY3Rpb25zL3doYXRzYXBwUHJveHkqDAj89qHKBhDg0+ziAjIIbm9kZWpzMjA6dwojZ2NyLmlvL2dhZS1ydW50aW1lcy9ub2RlanMyMDpzdGFibGUSUGV1cm9wZS13ZXN0MS1kb2NrZXIucGtnLmRldi9zZXJ2ZXJsZXNzLXJ1bnRpbWVzL2dvb2dsZS0yMi1mdWxsL3J1bnRpbWVzL25vZGVqczIwQAE=","operationType":"UPDATE_FUNCTION","buildName":"projects/818386536862/locations/europe-west1/builds/04c5212b-250b-4ff5-8392-0e19b7b5cd84"},"done":true,"response":{"@type":"type.googleapis.com/google.cloud.functions.v2.Function","name":"projects/stadler-suite/locations/europe-west1/functions/whatsappProxy","buildConfig":{"build":"projects/818386536862/locations/europe-west1/builds/04c5212b-250b-4ff5-8392-0e19b7b5cd84","runtime":"nodejs20","entryPoint":"whatsappProxy","source":{"storageSource":{"bucket":"gcf-v2-sources-818386536862-europe-west1","object":"whatsappProxy/function-source.zip","generation":"1766357811914980"}},"environmentVariables":{"GOOGLE_NODE_RUN_SCRIPTS":""},"dockerRepository":"projects/stadler-suite/locations/europe-west1/repositories/gcf-artifacts","sourceProvenance":{"resolvedStorageSource":{"bucket":"gcf-v2-sources-818386536862-europe-west1","object":"whatsappProxy/function-source.zip","generation":"1766357811914980"}},"dockerRegistry":"ARTIFACT_REGISTRY","serviceAccount":"projects/stadler-suite/serviceAccounts/818386536862-compute@developer.gserviceaccount.com","automaticUpdatePolicy":{}},"serviceConfig":{"service":"projects/stadler-suite/locations/europe-west1/services/whatsappproxy","timeoutSeconds":60,"environmentVariables":{"FIREBASE_CONFIG":"{\"projectId\":\"stadler-suite\",\"storageBucket\":\"stadler-suite.firebasestorage.app\"}","GCLOUD_PROJECT":"stadler-suite","EVENTARC_CLOUD_EVENT_SOURCE":"projects/stadler-suite/locations/europe-west1/services/whatsappProxy","FUNCTION_TARGET":"whatsappProxy","LOG_EXECUTION_ID":"true"},"maxInstanceCount":20,"ingressSettings":"ALLOW_ALL","uri":"https://whatsappproxy-u52p2sjk2a-ew.a.run.app","serviceAccountEmail":"818386536862-compute@developer.gserviceaccount.com","availableMemory":"256Mi","allTrafficOnLatestRevision":true,"revision":"whatsappproxy-00006-cow","maxInstanceRequestConcurrency":80,"availableCpu":"1"},"state":"ACTIVE","updateTime":"2025-12-21T22:56:52.028263966Z","labels":{"firebase-functions-hash":"a4659ff6cecbdb589cd00e686461b11852d08e4a","deployment-tool":"cli-firebase"},"environment":"GEN_2","url":"https://europe-west1-stadler-suite.cloudfunctions.net/whatsappProxy","createTime":"2025-12-19T09:34:57.740870415Z","satisfiesPzi":true}}
[debug] [2025-12-21T22:58:19.296Z] Got source token Clhwcm9qZWN0cy84MTgzODY1MzY4NjIvbG9jYXRpb25zL2V1cm9wZS13ZXN0MS9idWlsZHMvMDRjNTIxMmItMjUwYi00ZmY1LTgzOTItMGUxOWI3YjVjZDg0Em9ldXJvcGUtd2VzdDEtZG9ja2VyLnBrZy5kZXYvc3RhZGxlci1zdWl0ZS9nY2YtYXJ0aWZhY3RzL3N0YWRsZXItLXN1aXRlX19ldXJvcGUtLXdlc3QxX193aGF0c2FwcF9wcm94eTp2ZXJzaW9uXzEYnpOO3egXIkVwcm9qZWN0cy9zdGFkbGVyLXN1aXRlL2xvY2F0aW9ucy9ldXJvcGUtd2VzdDEvZnVuY3Rpb25zL3doYXRzYXBwUHJveHkqDAj89qHKBhDg0+ziAjIIbm9kZWpzMjA6dwojZ2NyLmlvL2dhZS1ydW50aW1lcy9ub2RlanMyMDpzdGFibGUSUGV1cm9wZS13ZXN0MS1kb2NrZXIucGtnLmRldi9zZXJ2ZXJsZXNzLXJ1bnRpbWVzL2dvb2dsZS0yMi1mdWxsL3J1bnRpbWVzL25vZGVqczIwQAE= for region europe-west1
[debug] [2025-12-21T22:58:19.297Z] Checked if tokens are valid: true, expires at: 1766361101790
[debug] [2025-12-21T22:58:19.297Z] Checked if tokens are valid: true, expires at: 1766361101790
[debug] [2025-12-21T22:58:19.297Z] >>> [apiv2][query] GET https://run.googleapis.com/v1/projects/stadler-suite/locations/europe-west1/services/whatsappproxy:getIamPolicy [none]
[debug] [2025-12-21T22:58:19.689Z] <<< [apiv2][status] GET https://run.googleapis.com/v1/projects/stadler-suite/locations/europe-west1/services/whatsappproxy:getIamPolicy 200
[debug] [2025-12-21T22:58:19.689Z] <<< [apiv2][body] GET https://run.googleapis.com/v1/projects/stadler-suite/locations/europe-west1/services/whatsappproxy:getIamPolicy {"etag":"ACAB"}
[debug] [2025-12-21T22:58:19.690Z] Checked if tokens are valid: true, expires at: 1766361101790
[debug] [2025-12-21T22:58:19.690Z] Checked if tokens are valid: true, expires at: 1766361101790
[debug] [2025-12-21T22:58:19.690Z] >>> [apiv2][query] POST https://run.googleapis.com/v1/projects/stadler-suite/locations/europe-west1/services/whatsappproxy:setIamPolicy [none]
[debug] [2025-12-21T22:58:19.690Z] >>> [apiv2][body] POST https://run.googleapis.com/v1/projects/stadler-suite/locations/europe-west1/services/whatsappproxy:setIamPolicy {"policy":{"bindings":[{"role":"roles/run.invoker","members":["allUsers"]}],"etag":"ACAB","version":3},"updateMask":"bindings,etag,version"}
[debug] [2025-12-21T22:58:20.143Z] <<< [apiv2][status] POST https://run.googleapis.com/v1/projects/stadler-suite/locations/europe-west1/services/whatsappproxy:setIamPolicy 400
[debug] [2025-12-21T22:58:20.143Z] <<< [apiv2][body] POST https://run.googleapis.com/v1/projects/stadler-suite/locations/europe-west1/services/whatsappproxy:setIamPolicy {"error":{"code":400,"message":"One or more users named in the policy do not belong to a permitted customer,  perhaps due to an organization policy.","status":"FAILED_PRECONDITION"}}
[error] Failed to set the IAM Policy on the Service projects/stadler-suite/locations/europe-west1/services/whatsappproxy
[debug] [2025-12-21T22:58:20.149Z] Total Function Deployment time: 89245
[debug] [2025-12-21T22:58:20.149Z] 1 Functions Deployed
[debug] [2025-12-21T22:58:20.149Z] 1 Functions Errored
[debug] [2025-12-21T22:58:20.149Z] 0 Function Deployments Aborted
[debug] [2025-12-21T22:58:20.149Z] Average Function Deployment time: 89244
[info] 
[info] Functions deploy had errors with the following functions:
	whatsappProxy(europe-west1)
[info] 
[info] Unable to set the invoker for the IAM policy on the following functions:
	whatsappProxy(europe-west1)
[info] 
[info] Some common causes of this:
[info] 
[info] - You may not have the roles/functions.admin IAM role. Note that roles/functions.developer does not allow you to change IAM policies.
[info] 
[info] - An organization policy that restricts Network Access on your project.
[info] Function URL (whatsappProxy(europe-west1)): https://whatsappproxy-u52p2sjk2a-ew.a.run.app
[debug] [2025-12-21T22:58:20.206Z] Checked if tokens are valid: true, expires at: 1766361101790
[debug] [2025-12-21T22:58:20.206Z] Checked if tokens are valid: true, expires at: 1766361101790
[debug] [2025-12-21T22:58:20.206Z] >>> [apiv2][query] GET https://artifactregistry.googleapis.com/v1/projects/stadler-suite/locations/europe-west1/repositories/gcf-artifacts [none]
[debug] [2025-12-21T22:58:20.357Z] <<< [apiv2][status] GET https://artifactregistry.googleapis.com/v1/projects/stadler-suite/locations/europe-west1/repositories/gcf-artifacts 200
[debug] [2025-12-21T22:58:20.357Z] <<< [apiv2][body] GET https://artifactregistry.googleapis.com/v1/projects/stadler-suite/locations/europe-west1/repositories/gcf-artifacts {"name":"projects/stadler-suite/locations/europe-west1/repositories/gcf-artifacts","format":"DOCKER","description":"This repository is created and used by Cloud Functions for storing function docker images.","labels":{"goog-managed-by":"cloudfunctions"},"createTime":"2025-12-19T09:35:07.596810Z","updateTime":"2025-12-21T22:57:55.294946Z","mode":"STANDARD_REPOSITORY","cleanupPolicies":{"firebase-functions-cleanup":{"id":"firebase-functions-cleanup","action":"DELETE","condition":{"tagState":"ANY","olderThan":"86400s"}}},"sizeBytes":"86557650","vulnerabilityScanningConfig":{"lastEnableTime":"2025-12-19T09:34:57.925016022Z","enablementState":"SCANNING_DISABLED","enablementStateReason":"API containerscanning.googleapis.com is not enabled."},"satisfiesPzi":true,"registryUri":"europe-west1-docker.pkg.dev/stadler-suite/gcf-artifacts"}
[debug] [2025-12-21T22:58:20.358Z] Functions deploy failed.
[debug] [2025-12-21T22:58:20.358Z] {
  "endpoint": {
    "id": "whatsappProxy",
    "project": "stadler-suite",
    "region": "europe-west1",
    "entryPoint": "whatsappProxy",
    "platform": "gcfv2",
    "runtime": "nodejs20",
    "httpsTrigger": {
      "invoker": [
        "public"
      ]
    },
    "labels": {
      "deployment-tool": "cli-firebase"
    },
    "serviceAccount": null,
    "ingressSettings": null,
    "availableMemoryMb": null,
    "timeoutSeconds": null,
    "maxInstances": null,
    "minInstances": null,
    "concurrency": 80,
    "vpc": null,
    "environmentVariables": {
      "FIREBASE_CONFIG": "{\"projectId\":\"stadler-suite\",\"storageBucket\":\"stadler-suite.firebasestorage.app\"}",
      "GCLOUD_PROJECT": "stadler-suite",
      "EVENTARC_CLOUD_EVENT_SOURCE": "projects/stadler-suite/locations/europe-west1/services/whatsappProxy",
      "FUNCTION_TARGET": "whatsappProxy",
      "LOG_EXECUTION_ID": "true"
    },
    "codebase": "default",
    "runServiceId": "whatsappproxy",
    "cpu": 1,
    "securityLevel": "SECURE_ALWAYS",
    "targetedByOnly": false,
    "hash": "a4659ff6cecbdb589cd00e686461b11852d08e4a",
    "uri": "https://whatsappproxy-u52p2sjk2a-ew.a.run.app"
  },
  "op": "set invoker",
  "original": {
    "name": "FirebaseError",
    "children": [],
    "exit": 1,
    "message": "Failed to set the IAM Policy on the Service projects/stadler-suite/locations/europe-west1/services/whatsappproxy",
    "original": {
      "name": "FirebaseError",
      "children": [],
      "context": {
        "body": {
          "error": {
            "code": 400,
            "message": "One or more users named in the policy do not belong to a permitted customer,  perhaps due to an organization policy.",
            "status": "FAILED_PRECONDITION"
          }
        },
        "response": {
          "statusCode": 400
        }
      },
      "exit": 1,
      "message": "Request to https://run.googleapis.com/v1/projects/stadler-suite/locations/europe-west1/services/whatsappproxy:setIamPolicy had HTTP Error: 400, One or more users named in the policy do not belong to a permitted customer,  perhaps due to an organization policy.",
      "status": 400
    },
    "status": 400,
    "code": 400
  }
}
[debug] [2025-12-21T22:58:20.382Z] Error: Failed to set invoker function whatsappProxy in region europe-west1
    at C:\Users\Info\AppData\Roaming\npm\node_modules\firebase-tools\lib\deploy\functions\release\fabricator.js:52:11
    at process.processTicksAndRejections (node:internal/process/task_queues:105:5)
    at async Fabricator.updateV2Function (C:\Users\Info\AppData\Roaming\npm\node_modules\firebase-tools\lib\deploy\functions\release\fabricator.js:438:13)
    at async Fabricator.updateEndpoint (C:\Users\Info\AppData\Roaming\npm\node_modules\firebase-tools\lib\deploy\functions\release\fabricator.js:160:13)
    at async handle (C:\Users\Info\AppData\Roaming\npm\node_modules\firebase-tools\lib\deploy\functions\release\fabricator.js:89:17)
[error] 
[error] Error: There was an error deploying functions
